{"C:\\Users\\ade_f\\OneDrive\\Documents\\UMGC\\FIFTH SEMESTER\\SWEN 661 9040 USER INTERFACE IMPLEMENTATION\\swen-661-careconnect-low-vision\\electron\\src\\main.tsx": {"path":"C:\\Users\\ade_f\\OneDrive\\Documents\\UMGC\\FIFTH SEMESTER\\SWEN 661 9040 USER INTERFACE IMPLEMENTATION\\swen-661-careconnect-low-vision\\electron\\src\\main.tsx","statementMap":{"0":{"start":{"line":1,"column":0},"end":{"line":1,"column":26}},"1":{"start":{"line":3,"column":0},"end":{"line":3,"column":46}},"2":{"start":{"line":5,"column":0},"end":{"line":5,"column":27}},"3":{"start":{"line":6,"column":0},"end":{"line":6,"column":25}},"4":{"start":{"line":16,"column":0},"end":{"line":20,"column":2}}},"fnMap":{},"branchMap":{},"s":{"0":1,"1":1,"2":1,"3":0,"4":0},"f":{},"b":{}}
,"C:\\Users\\ade_f\\OneDrive\\Documents\\UMGC\\FIFTH SEMESTER\\SWEN 661 9040 USER INTERFACE IMPLEMENTATION\\swen-661-careconnect-low-vision\\electron\\src\\ui\\App.tsx": {"path":"C:\\Users\\ade_f\\OneDrive\\Documents\\UMGC\\FIFTH SEMESTER\\SWEN 661 9040 USER INTERFACE IMPLEMENTATION\\swen-661-careconnect-low-vision\\electron\\src\\ui\\App.tsx","statementMap":{"0":{"start":{"line":32,"column":0},"end":{"line":32,"column":24}},"1":{"start":{"line":1,"column":0},"end":{"line":1,"column":51}},"2":{"start":{"line":2,"column":0},"end":{"line":2,"column":68}},"3":{"start":{"line":3,"column":0},"end":{"line":3,"column":75}},"4":{"start":{"line":4,"column":0},"end":{"line":4,"column":26}},"5":{"start":{"line":5,"column":0},"end":{"line":5,"column":76}},"6":{"start":{"line":6,"column":0},"end":{"line":6,"column":50}},"7":{"start":{"line":7,"column":0},"end":{"line":7,"column":54}},"8":{"start":{"line":8,"column":0},"end":{"line":8,"column":48}},"9":{"start":{"line":9,"column":0},"end":{"line":9,"column":46}},"10":{"start":{"line":10,"column":0},"end":{"line":10,"column":52}},"11":{"start":{"line":11,"column":0},"end":{"line":11,"column":42}},"12":{"start":{"line":12,"column":0},"end":{"line":12,"column":58}},"13":{"start":{"line":13,"column":0},"end":{"line":13,"column":58}},"14":{"start":{"line":14,"column":0},"end":{"line":14,"column":66}},"15":{"start":{"line":15,"column":0},"end":{"line":15,"column":42}},"16":{"start":{"line":16,"column":0},"end":{"line":16,"column":54}},"17":{"start":{"line":17,"column":0},"end":{"line":17,"column":56}},"18":{"start":{"line":18,"column":0},"end":{"line":18,"column":68}},"19":{"start":{"line":33,"column":25},"end":{"line":33,"column":39}},"20":{"start":{"line":34,"column":19},"end":{"line":34,"column":32}},"21":{"start":{"line":35,"column":19},"end":{"line":35,"column":32}},"22":{"start":{"line":38,"column":22},"end":{"line":47,"column":25}},"23":{"start":{"line":39,"column":14},"end":{"line":39,"column":31}},"24":{"start":{"line":40,"column":4},"end":{"line":46,"column":6}},"25":{"start":{"line":49,"column":42},"end":{"line":49,"column":56}},"26":{"start":{"line":50,"column":36},"end":{"line":50,"column":51}},"27":{"start":{"line":51,"column":44},"end":{"line":51,"column":59}},"28":{"start":{"line":53,"column":21},"end":{"line":53,"column":53}},"29":{"start":{"line":54,"column":18},"end":{"line":54,"column":50}},"30":{"start":{"line":56,"column":19},"end":{"line":56,"column":47}},"31":{"start":{"line":56,"column":33},"end":{"line":56,"column":42}},"32":{"start":{"line":58,"column":14},"end":{"line":58,"column":72}},"33":{"start":{"line":58,"column":26},"end":{"line":58,"column":72}},"34":{"start":{"line":60,"column":2},"end":{"line":105,"column":17}},"35":{"start":{"line":62,"column":16},"end":{"line":62,"column":20}},"36":{"start":{"line":64,"column":19},"end":{"line":66,"column":6}},"37":{"start":{"line":65,"column":6},"end":{"line":65,"column":21}},"38":{"start":{"line":68,"column":19},"end":{"line":99,"column":6}},"39":{"start":{"line":69,"column":6},"end":{"line":98,"column":7}},"40":{"start":{"line":72,"column":10},"end":{"line":72,"column":16}},"41":{"start":{"line":74,"column":10},"end":{"line":74,"column":37}},"42":{"start":{"line":74,"column":33},"end":{"line":74,"column":35}},"43":{"start":{"line":75,"column":10},"end":{"line":75,"column":16}},"44":{"start":{"line":77,"column":10},"end":{"line":77,"column":34}},"45":{"start":{"line":77,"column":30},"end":{"line":77,"column":32}},"46":{"start":{"line":78,"column":10},"end":{"line":78,"column":16}},"47":{"start":{"line":80,"column":10},"end":{"line":80,"column":38}},"48":{"start":{"line":80,"column":34},"end":{"line":80,"column":36}},"49":{"start":{"line":81,"column":10},"end":{"line":81,"column":16}},"50":{"start":{"line":83,"column":10},"end":{"line":85,"column":22}},"51":{"start":{"line":86,"column":10},"end":{"line":86,"column":16}},"52":{"start":{"line":88,"column":10},"end":{"line":88,"column":35}},"53":{"start":{"line":89,"column":10},"end":{"line":89,"column":16}},"54":{"start":{"line":91,"column":10},"end":{"line":93,"column":12}},"55":{"start":{"line":94,"column":10},"end":{"line":94,"column":16}},"56":{"start":{"line":96,"column":10},"end":{"line":96,"column":62}},"57":{"start":{"line":97,"column":10},"end":{"line":97,"column":16}},"58":{"start":{"line":101,"column":4},"end":{"line":104,"column":6}},"59":{"start":{"line":102,"column":6},"end":{"line":102,"column":17}},"60":{"start":{"line":103,"column":6},"end":{"line":103,"column":17}},"61":{"start":{"line":107,"column":2},"end":{"line":243,"column":4}},"62":{"start":{"line":123,"column":30},"end":{"line":123,"column":53}},"63":{"start":{"line":123,"column":50},"end":{"line":123,"column":52}},"64":{"start":{"line":124,"column":31},"end":{"line":124,"column":58}},"65":{"start":{"line":124,"column":55},"end":{"line":124,"column":57}},"66":{"start":{"line":125,"column":27},"end":{"line":125,"column":51}},"67":{"start":{"line":126,"column":32},"end":{"line":126,"column":53}},"68":{"start":{"line":134,"column":34},"end":{"line":134,"column":48}},"69":{"start":{"line":142,"column":12},"end":{"line":142,"column":33}},"70":{"start":{"line":158,"column":33},"end":{"line":158,"column":46}},"71":{"start":{"line":159,"column":36},"end":{"line":159,"column":63}},"72":{"start":{"line":160,"column":35},"end":{"line":160,"column":62}},"73":{"start":{"line":169,"column":34},"end":{"line":169,"column":47}},"74":{"start":{"line":170,"column":39},"end":{"line":170,"column":57}},"75":{"start":{"line":179,"column":32},"end":{"line":179,"column":50}},"76":{"start":{"line":180,"column":32},"end":{"line":180,"column":50}},"77":{"start":{"line":192,"column":42},"end":{"line":192,"column":68}},"78":{"start":{"line":192,"column":65},"end":{"line":192,"column":67}},"79":{"start":{"line":207,"column":38},"end":{"line":207,"column":61}},"80":{"start":{"line":207,"column":58},"end":{"line":207,"column":60}},"81":{"start":{"line":208,"column":39},"end":{"line":208,"column":66}},"82":{"start":{"line":208,"column":63},"end":{"line":208,"column":65}}},"fnMap":{"0":{"name":"App","decl":{"start":{"line":32,"column":24},"end":{"line":32,"column":27}},"loc":{"start":{"line":32,"column":27},"end":{"line":244,"column":1}}},"1":{"name":"(anonymous_11)","decl":{"start":{"line":38,"column":30},"end":{"line":38,"column":33}},"loc":{"start":{"line":38,"column":35},"end":{"line":47,"column":3}}},"2":{"name":"(anonymous_12)","decl":{"start":{"line":56,"column":27},"end":{"line":56,"column":30}},"loc":{"start":{"line":56,"column":33},"end":{"line":56,"column":42}}},"3":{"name":"(anonymous_13)","decl":{"start":{"line":58,"column":14},"end":{"line":58,"column":19}},"loc":{"start":{"line":58,"column":26},"end":{"line":58,"column":72}}},"4":{"name":"(anonymous_14)","decl":{"start":{"line":60,"column":12},"end":{"line":60,"column":15}},"loc":{"start":{"line":60,"column":17},"end":{"line":105,"column":3}}},"5":{"name":"(anonymous_15)","decl":{"start":{"line":64,"column":34},"end":{"line":64,"column":35}},"loc":{"start":{"line":64,"column":51},"end":{"line":66,"column":5}}},"6":{"name":"(anonymous_16)","decl":{"start":{"line":68,"column":33},"end":{"line":68,"column":38}},"loc":{"start":{"line":68,"column":56},"end":{"line":99,"column":5}}},"7":{"name":"(anonymous_17)","decl":{"start":{"line":74,"column":26},"end":{"line":74,"column":27}},"loc":{"start":{"line":74,"column":33},"end":{"line":74,"column":35}}},"8":{"name":"(anonymous_18)","decl":{"start":{"line":77,"column":23},"end":{"line":77,"column":24}},"loc":{"start":{"line":77,"column":30},"end":{"line":77,"column":32}}},"9":{"name":"(anonymous_19)","decl":{"start":{"line":80,"column":27},"end":{"line":80,"column":28}},"loc":{"start":{"line":80,"column":34},"end":{"line":80,"column":36}}},"10":{"name":"(anonymous_20)","decl":{"start":{"line":101,"column":11},"end":{"line":101,"column":14}},"loc":{"start":{"line":101,"column":16},"end":{"line":104,"column":5}}},"11":{"name":"(anonymous_21)","decl":{"start":{"line":123,"column":24},"end":{"line":123,"column":27}},"loc":{"start":{"line":123,"column":30},"end":{"line":123,"column":53}}},"12":{"name":"(anonymous_22)","decl":{"start":{"line":123,"column":43},"end":{"line":123,"column":44}},"loc":{"start":{"line":123,"column":50},"end":{"line":123,"column":52}}},"13":{"name":"(anonymous_23)","decl":{"start":{"line":124,"column":25},"end":{"line":124,"column":28}},"loc":{"start":{"line":124,"column":31},"end":{"line":124,"column":58}}},"14":{"name":"(anonymous_24)","decl":{"start":{"line":124,"column":48},"end":{"line":124,"column":49}},"loc":{"start":{"line":124,"column":55},"end":{"line":124,"column":57}}},"15":{"name":"(anonymous_25)","decl":{"start":{"line":125,"column":21},"end":{"line":125,"column":24}},"loc":{"start":{"line":125,"column":27},"end":{"line":125,"column":51}}},"16":{"name":"(anonymous_26)","decl":{"start":{"line":126,"column":26},"end":{"line":126,"column":29}},"loc":{"start":{"line":126,"column":32},"end":{"line":126,"column":53}}},"17":{"name":"(anonymous_27)","decl":{"start":{"line":134,"column":24},"end":{"line":134,"column":25}},"loc":{"start":{"line":134,"column":34},"end":{"line":134,"column":48}}},"18":{"name":"(anonymous_28)","decl":{"start":{"line":141,"column":15},"end":{"line":141,"column":16}},"loc":{"start":{"line":141,"column":22},"end":{"line":143,"column":11}}},"19":{"name":"(anonymous_29)","decl":{"start":{"line":158,"column":27},"end":{"line":158,"column":30}},"loc":{"start":{"line":158,"column":33},"end":{"line":158,"column":46}}},"20":{"name":"(anonymous_30)","decl":{"start":{"line":159,"column":30},"end":{"line":159,"column":33}},"loc":{"start":{"line":159,"column":36},"end":{"line":159,"column":63}}},"21":{"name":"(anonymous_31)","decl":{"start":{"line":160,"column":29},"end":{"line":160,"column":32}},"loc":{"start":{"line":160,"column":35},"end":{"line":160,"column":62}}},"22":{"name":"(anonymous_32)","decl":{"start":{"line":169,"column":28},"end":{"line":169,"column":31}},"loc":{"start":{"line":169,"column":34},"end":{"line":169,"column":47}}},"23":{"name":"(anonymous_33)","decl":{"start":{"line":170,"column":33},"end":{"line":170,"column":36}},"loc":{"start":{"line":170,"column":39},"end":{"line":170,"column":57}}},"24":{"name":"(anonymous_34)","decl":{"start":{"line":179,"column":26},"end":{"line":179,"column":29}},"loc":{"start":{"line":179,"column":32},"end":{"line":179,"column":50}}},"25":{"name":"(anonymous_35)","decl":{"start":{"line":180,"column":26},"end":{"line":180,"column":29}},"loc":{"start":{"line":180,"column":32},"end":{"line":180,"column":50}}},"26":{"name":"(anonymous_36)","decl":{"start":{"line":192,"column":36},"end":{"line":192,"column":39}},"loc":{"start":{"line":192,"column":42},"end":{"line":192,"column":68}}},"27":{"name":"(anonymous_37)","decl":{"start":{"line":192,"column":58},"end":{"line":192,"column":59}},"loc":{"start":{"line":192,"column":65},"end":{"line":192,"column":67}}},"28":{"name":"(anonymous_38)","decl":{"start":{"line":207,"column":32},"end":{"line":207,"column":35}},"loc":{"start":{"line":207,"column":38},"end":{"line":207,"column":61}}},"29":{"name":"(anonymous_39)","decl":{"start":{"line":207,"column":51},"end":{"line":207,"column":52}},"loc":{"start":{"line":207,"column":58},"end":{"line":207,"column":60}}},"30":{"name":"(anonymous_40)","decl":{"start":{"line":208,"column":33},"end":{"line":208,"column":36}},"loc":{"start":{"line":208,"column":39},"end":{"line":208,"column":66}}},"31":{"name":"(anonymous_41)","decl":{"start":{"line":208,"column":56},"end":{"line":208,"column":57}},"loc":{"start":{"line":208,"column":63},"end":{"line":208,"column":65}}}},"branchMap":{"0":{"loc":{"start":{"line":41,"column":6},"end":{"line":45,"column":29}},"type":"binary-expr","locations":[{"start":{"line":41,"column":6},"end":{"line":41,"column":22}},{"start":{"line":42,"column":6},"end":{"line":42,"column":19}},{"start":{"line":43,"column":6},"end":{"line":43,"column":20}},{"start":{"line":44,"column":6},"end":{"line":44,"column":29}},{"start":{"line":45,"column":6},"end":{"line":45,"column":29}}]},"1":{"loc":{"start":{"line":69,"column":6},"end":{"line":98,"column":7}},"type":"switch","locations":[{"start":{"line":70,"column":8},"end":{"line":72,"column":16}},{"start":{"line":73,"column":8},"end":{"line":75,"column":16}},{"start":{"line":76,"column":8},"end":{"line":78,"column":16}},{"start":{"line":79,"column":8},"end":{"line":81,"column":16}},{"start":{"line":82,"column":8},"end":{"line":86,"column":16}},{"start":{"line":87,"column":8},"end":{"line":89,"column":16}},{"start":{"line":90,"column":8},"end":{"line":94,"column":16}},{"start":{"line":95,"column":8},"end":{"line":97,"column":16}}]},"2":{"loc":{"start":{"line":109,"column":17},"end":{"line":109,"column":48}},"type":"cond-expr","locations":[{"start":{"line":109,"column":32},"end":{"line":109,"column":40}},{"start":{"line":109,"column":43},"end":{"line":109,"column":48}}]},"3":{"loc":{"start":{"line":119,"column":7},"end":{"line":127,"column":null}},"type":"binary-expr","locations":[{"start":{"line":119,"column":7},"end":{"line":119,"column":19}},{"start":{"line":120,"column":8},"end":{"line":126,"column":null}}]},"4":{"loc":{"start":{"line":131,"column":9},"end":{"line":136,"column":null}},"type":"binary-expr","locations":[{"start":{"line":131,"column":9},"end":{"line":131,"column":21}},{"start":{"line":132,"column":10},"end":{"line":135,"column":null}}]},"5":{"loc":{"start":{"line":145,"column":21},"end":{"line":145,"column":59}},"type":"cond-expr","locations":[{"start":{"line":145,"column":35},"end":{"line":145,"column":50}},{"start":{"line":145,"column":53},"end":{"line":145,"column":59}}]},"6":{"loc":{"start":{"line":241,"column":7},"end":{"line":241,"column":56}},"type":"binary-expr","locations":[{"start":{"line":241,"column":7},"end":{"line":241,"column":19}},{"start":{"line":241,"column":23},"end":{"line":241,"column":56}}]}},"s":{"0":2,"1":2,"2":2,"3":2,"4":2,"5":2,"6":2,"7":1,"8":1,"9":1,"10":1,"11":1,"12":1,"13":1,"14":1,"15":1,"16":1,"17":1,"18":1,"19":3,"20":3,"21":3,"22":3,"23":2,"24":2,"25":3,"26":3,"27":3,"28":3,"29":3,"30":3,"31":1,"32":3,"33":0,"34":3,"35":2,"36":2,"37":2,"38":2,"39":0,"40":0,"41":0,"42":0,"43":0,"44":0,"45":0,"46":0,"47":0,"48":0,"49":0,"50":0,"51":0,"52":0,"53":0,"54":0,"55":0,"56":0,"57":0,"58":2,"59":2,"60":2,"61":3,"62":0,"63":0,"64":0,"65":0,"66":0,"67":0,"68":0,"69":6,"70":0,"71":0,"72":0,"73":0,"74":0,"75":0,"76":0,"77":0,"78":0,"79":0,"80":0,"81":0,"82":0},"f":{"0":3,"1":2,"2":1,"3":0,"4":2,"5":2,"6":0,"7":0,"8":0,"9":0,"10":2,"11":0,"12":0,"13":0,"14":0,"15":0,"16":0,"17":0,"18":6,"19":0,"20":0,"21":0,"22":0,"23":0,"24":0,"25":0,"26":0,"27":0,"28":0,"29":0,"30":0,"31":0},"b":{"0":[2,2,2,2,2],"1":[0,0,0,0,0,0,0,0],"2":[3,0],"3":[3,3],"4":[3,3],"5":[0,3],"6":[3,3]}}
,"C:\\Users\\ade_f\\OneDrive\\Documents\\UMGC\\FIFTH SEMESTER\\SWEN 661 9040 USER INTERFACE IMPLEMENTATION\\swen-661-careconnect-low-vision\\electron\\src\\ui\\cc.ts": {"path":"C:\\Users\\ade_f\\OneDrive\\Documents\\UMGC\\FIFTH SEMESTER\\SWEN 661 9040 USER INTERFACE IMPLEMENTATION\\swen-661-careconnect-low-vision\\electron\\src\\ui\\cc.ts","statementMap":{"0":{"start":{"line":1,"column":0},"end":{"line":1,"column":16}},"1":{"start":{"line":2,"column":15},"end":{"line":2,"column":41}},"2":{"start":{"line":3,"column":2},"end":{"line":5,"column":3}},"3":{"start":{"line":4,"column":4},"end":{"line":4,"column":91}},"4":{"start":{"line":6,"column":2},"end":{"line":6,"column":13}}},"fnMap":{"0":{"name":"cc","decl":{"start":{"line":1,"column":16},"end":{"line":1,"column":18}},"loc":{"start":{"line":1,"column":18},"end":{"line":7,"column":1}}}},"branchMap":{"0":{"loc":{"start":{"line":3,"column":2},"end":{"line":5,"column":3}},"type":"if","locations":[{"start":{"line":3,"column":2},"end":{"line":5,"column":3}}]}},"s":{"0":2,"1":2,"2":2,"3":1,"4":1},"f":{"0":2},"b":{"0":[1]}}
,"C:\\Users\\ade_f\\OneDrive\\Documents\\UMGC\\FIFTH SEMESTER\\SWEN 661 9040 USER INTERFACE IMPLEMENTATION\\swen-661-careconnect-low-vision\\electron\\src\\ui\\components\\ScrollToTop.tsx": {"path":"C:\\Users\\ade_f\\OneDrive\\Documents\\UMGC\\FIFTH SEMESTER\\SWEN 661 9040 USER INTERFACE IMPLEMENTATION\\swen-661-careconnect-low-vision\\electron\\src\\ui\\components\\ScrollToTop.tsx","statementMap":{"0":{"start":{"line":8,"column":0},"end":{"line":8,"column":24}},"1":{"start":{"line":1,"column":0},"end":{"line":1,"column":41}},"2":{"start":{"line":2,"column":0},"end":{"line":2,"column":47}},"3":{"start":{"line":9,"column":23},"end":{"line":9,"column":36}},"4":{"start":{"line":11,"column":2},"end":{"line":20,"column":31}},"5":{"start":{"line":12,"column":15},"end":{"line":12,"column":36}},"6":{"start":{"line":14,"column":4},"end":{"line":17,"column":5}},"7":{"start":{"line":15,"column":6},"end":{"line":15,"column":57}},"8":{"start":{"line":16,"column":6},"end":{"line":16,"column":13}},"9":{"start":{"line":19,"column":4},"end":{"line":19,"column":59}},"10":{"start":{"line":22,"column":2},"end":{"line":22,"column":14}}},"fnMap":{"0":{"name":"ScrollToTop","decl":{"start":{"line":8,"column":24},"end":{"line":8,"column":35}},"loc":{"start":{"line":8,"column":59},"end":{"line":23,"column":1}}},"1":{"name":"(anonymous_1)","decl":{"start":{"line":11,"column":12},"end":{"line":11,"column":15}},"loc":{"start":{"line":11,"column":17},"end":{"line":20,"column":3}}}},"branchMap":{"0":{"loc":{"start":{"line":14,"column":4},"end":{"line":17,"column":5}},"type":"if","locations":[{"start":{"line":14,"column":4},"end":{"line":17,"column":5}}]}},"s":{"0":2,"1":2,"2":2,"3":3,"4":3,"5":2,"6":2,"7":2,"8":2,"9":0,"10":3},"f":{"0":3,"1":2},"b":{"0":[2]}}
,"C:\\Users\\ade_f\\OneDrive\\Documents\\UMGC\\FIFTH SEMESTER\\SWEN 661 9040 USER INTERFACE IMPLEMENTATION\\swen-661-careconnect-low-vision\\electron\\src\\ui\\components\\uiPieces.tsx": {"path":"C:\\Users\\ade_f\\OneDrive\\Documents\\UMGC\\FIFTH SEMESTER\\SWEN 661 9040 USER INTERFACE IMPLEMENTATION\\swen-661-careconnect-low-vision\\electron\\src\\ui\\components\\uiPieces.tsx","statementMap":{"0":{"start":{"line":1,"column":0},"end":{"line":1,"column":26}},"1":{"start":{"line":4,"column":31},"end":{"line":10,"column":null}},"2":{"start":{"line":5,"column":2},"end":{"line":9,"column":null}},"3":{"start":{"line":4,"column":13},"end":{"line":4,"column":31}},"4":{"start":{"line":13,"column":23},"end":{"line":19,"column":null}},"5":{"start":{"line":14,"column":2},"end":{"line":18,"column":null}},"6":{"start":{"line":17,"column":33},"end":{"line":17,"column":62}},"7":{"start":{"line":13,"column":13},"end":{"line":13,"column":23}},"8":{"start":{"line":22,"column":25},"end":{"line":25,"column":null}},"9":{"start":{"line":23,"column":2},"end":{"line":24,"column":null}},"10":{"start":{"line":22,"column":13},"end":{"line":22,"column":25}},"11":{"start":{"line":28,"column":25},"end":{"line":32,"column":null}},"12":{"start":{"line":29,"column":2},"end":{"line":31,"column":null}},"13":{"start":{"line":28,"column":13},"end":{"line":28,"column":25}}},"fnMap":{"0":{"name":"(anonymous_1)","decl":{"start":{"line":4,"column":31},"end":{"line":4,"column":32}},"loc":{"start":{"line":5,"column":2},"end":{"line":9,"column":null}}},"1":{"name":"(anonymous_2)","decl":{"start":{"line":13,"column":23},"end":{"line":13,"column":24}},"loc":{"start":{"line":14,"column":2},"end":{"line":18,"column":null}}},"2":{"name":"(anonymous_3)","decl":{"start":{"line":17,"column":27},"end":{"line":17,"column":30}},"loc":{"start":{"line":17,"column":33},"end":{"line":17,"column":62}}},"3":{"name":"(anonymous_4)","decl":{"start":{"line":22,"column":25},"end":{"line":22,"column":26}},"loc":{"start":{"line":23,"column":2},"end":{"line":24,"column":null}}},"4":{"name":"(anonymous_5)","decl":{"start":{"line":28,"column":25},"end":{"line":28,"column":26}},"loc":{"start":{"line":29,"column":2},"end":{"line":31,"column":null}}}},"branchMap":{},"s":{"0":8,"1":8,"2":3,"3":8,"4":8,"5":4,"6":1,"7":8,"8":8,"9":3,"10":8,"11":8,"12":7,"13":8},"f":{"0":3,"1":4,"2":1,"3":3,"4":7},"b":{}}
,"C:\\Users\\ade_f\\OneDrive\\Documents\\UMGC\\FIFTH SEMESTER\\SWEN 661 9040 USER INTERFACE IMPLEMENTATION\\swen-661-careconnect-low-vision\\electron\\src\\ui\\pages\\AppointmentDetailsPage.tsx": {"path":"C:\\Users\\ade_f\\OneDrive\\Documents\\UMGC\\FIFTH SEMESTER\\SWEN 661 9040 USER INTERFACE IMPLEMENTATION\\swen-661-careconnect-low-vision\\electron\\src\\ui\\pages\\AppointmentDetailsPage.tsx","statementMap":{"0":{"start":{"line":26,"column":0},"end":{"line":26,"column":24}},"1":{"start":{"line":1,"column":0},"end":{"line":1,"column":39}},"2":{"start":{"line":2,"column":0},"end":{"line":2,"column":58}},"3":{"start":{"line":3,"column":0},"end":{"line":3,"column":51}},"4":{"start":{"line":27,"column":19},"end":{"line":27,"column":32}},"5":{"start":{"line":28,"column":28},"end":{"line":28,"column":39}},"6":{"start":{"line":30,"column":15},"end":{"line":57,"column":21}},"7":{"start":{"line":32,"column":4},"end":{"line":56,"column":6}},"8":{"start":{"line":59,"column":2},"end":{"line":156,"column":4}},"9":{"start":{"line":66,"column":25},"end":{"line":66,"column":50}},"10":{"start":{"line":116,"column":16},"end":{"line":116,"column":29}},"11":{"start":{"line":146,"column":16},"end":{"line":146,"column":35}}},"fnMap":{"0":{"name":"AppointmentDetailsPage","decl":{"start":{"line":26,"column":24},"end":{"line":26,"column":46}},"loc":{"start":{"line":26,"column":59},"end":{"line":157,"column":1}}},"1":{"name":"(anonymous_10)","decl":{"start":{"line":30,"column":35},"end":{"line":30,"column":38}},"loc":{"start":{"line":30,"column":40},"end":{"line":57,"column":3}}},"2":{"name":"(anonymous_11)","decl":{"start":{"line":66,"column":19},"end":{"line":66,"column":22}},"loc":{"start":{"line":66,"column":25},"end":{"line":66,"column":50}}},"3":{"name":"(anonymous_12)","decl":{"start":{"line":115,"column":29},"end":{"line":115,"column":30}},"loc":{"start":{"line":116,"column":16},"end":{"line":116,"column":29}}},"4":{"name":"(anonymous_13)","decl":{"start":{"line":127,"column":51},"end":{"line":127,"column":54}},"loc":{"start":{"line":127,"column":56},"end":{"line":127,"column":59}}},"5":{"name":"(anonymous_14)","decl":{"start":{"line":130,"column":51},"end":{"line":130,"column":54}},"loc":{"start":{"line":130,"column":56},"end":{"line":130,"column":59}}},"6":{"name":"(anonymous_15)","decl":{"start":{"line":133,"column":51},"end":{"line":133,"column":54}},"loc":{"start":{"line":133,"column":56},"end":{"line":133,"column":59}}},"7":{"name":"(anonymous_16)","decl":{"start":{"line":145,"column":32},"end":{"line":145,"column":33}},"loc":{"start":{"line":146,"column":16},"end":{"line":146,"column":35}}}},"branchMap":{"0":{"loc":{"start":{"line":33,"column":10},"end":{"line":33,"column":31}},"type":"binary-expr","locations":[{"start":{"line":33,"column":10},"end":{"line":33,"column":23}},{"start":{"line":33,"column":27},"end":{"line":33,"column":31}}]}},"s":{"0":3,"1":3,"2":3,"3":3,"4":1,"5":1,"6":1,"7":1,"8":1,"9":0,"10":4,"11":3},"f":{"0":1,"1":1,"2":0,"3":4,"4":0,"5":0,"6":0,"7":3},"b":{"0":[1,1]}}
,"C:\\Users\\ade_f\\OneDrive\\Documents\\UMGC\\FIFTH SEMESTER\\SWEN 661 9040 USER INTERFACE IMPLEMENTATION\\swen-661-careconnect-low-vision\\electron\\src\\ui\\pages\\AppointmentsPage.tsx": {"path":"C:\\Users\\ade_f\\OneDrive\\Documents\\UMGC\\FIFTH SEMESTER\\SWEN 661 9040 USER INTERFACE IMPLEMENTATION\\swen-661-careconnect-low-vision\\electron\\src\\ui\\pages\\AppointmentsPage.tsx","statementMap":{"0":{"start":{"line":17,"column":0},"end":{"line":17,"column":24}},"1":{"start":{"line":1,"column":0},"end":{"line":1,"column":39}},"2":{"start":{"line":2,"column":0},"end":{"line":2,"column":47}},"3":{"start":{"line":3,"column":0},"end":{"line":3,"column":51}},"4":{"start":{"line":18,"column":19},"end":{"line":18,"column":32}},"5":{"start":{"line":20,"column":16},"end":{"line":58,"column":null}},"6":{"start":{"line":21,"column":10},"end":{"line":57,"column":null}},"7":{"start":{"line":61,"column":2},"end":{"line":77,"column":4}},"8":{"start":{"line":69,"column":10},"end":{"line":70,"column":null}},"9":{"start":{"line":72,"column":26},"end":{"line":72,"column":59}},"10":{"start":{"line":81,"column":19},"end":{"line":81,"column":24}},"11":{"start":{"line":83,"column":2},"end":{"line":100,"column":4}}},"fnMap":{"0":{"name":"AppointmentsPage","decl":{"start":{"line":17,"column":24},"end":{"line":17,"column":40}},"loc":{"start":{"line":17,"column":53},"end":{"line":78,"column":1}}},"1":{"name":"(anonymous_10)","decl":{"start":{"line":21,"column":4},"end":{"line":21,"column":7}},"loc":{"start":{"line":21,"column":10},"end":{"line":57,"column":null}}},"2":{"name":"(anonymous_11)","decl":{"start":{"line":68,"column":19},"end":{"line":68,"column":20}},"loc":{"start":{"line":69,"column":10},"end":{"line":70,"column":null}}},"3":{"name":"(anonymous_12)","decl":{"start":{"line":72,"column":20},"end":{"line":72,"column":23}},"loc":{"start":{"line":72,"column":26},"end":{"line":72,"column":59}}},"4":{"name":"AppointmentRow","decl":{"start":{"line":80,"column":9},"end":{"line":80,"column":23}},"loc":{"start":{"line":80,"column":65},"end":{"line":101,"column":1}}}},"branchMap":{},"s":{"0":2,"1":2,"2":2,"3":2,"4":1,"5":1,"6":1,"7":1,"8":5,"9":0,"10":5,"11":5},"f":{"0":1,"1":1,"2":5,"3":0,"4":5},"b":{}}
,"C:\\Users\\ade_f\\OneDrive\\Documents\\UMGC\\FIFTH SEMESTER\\SWEN 661 9040 USER INTERFACE IMPLEMENTATION\\swen-661-careconnect-low-vision\\electron\\src\\ui\\pages\\CreateAccountPage.tsx": {"path":"C:\\Users\\ade_f\\OneDrive\\Documents\\UMGC\\FIFTH SEMESTER\\SWEN 661 9040 USER INTERFACE IMPLEMENTATION\\swen-661-careconnect-low-vision\\electron\\src\\ui\\pages\\CreateAccountPage.tsx","statementMap":{"0":{"start":{"line":10,"column":0},"end":{"line":10,"column":24}},"1":{"start":{"line":1,"column":0},"end":{"line":1,"column":66}},"2":{"start":{"line":2,"column":0},"end":{"line":2,"column":47}},"3":{"start":{"line":11,"column":19},"end":{"line":11,"column":32}},"4":{"start":{"line":13,"column":17},"end":{"line":13,"column":24}},"5":{"start":{"line":14,"column":18},"end":{"line":14,"column":25}},"6":{"start":{"line":15,"column":17},"end":{"line":15,"column":24}},"7":{"start":{"line":16,"column":20},"end":{"line":16,"column":27}},"8":{"start":{"line":18,"column":18},"end":{"line":18,"column":55}},"9":{"start":{"line":20,"column":34},"end":{"line":20,"column":56}},"10":{"start":{"line":21,"column":28},"end":{"line":21,"column":62}},"11":{"start":{"line":22,"column":34},"end":{"line":22,"column":46}},"12":{"start":{"line":23,"column":32},"end":{"line":23,"column":44}},"13":{"start":{"line":24,"column":34},"end":{"line":24,"column":49}},"14":{"start":{"line":25,"column":40},"end":{"line":25,"column":55}},"15":{"start":{"line":26,"column":28},"end":{"line":26,"column":43}},"16":{"start":{"line":28,"column":2},"end":{"line":30,"column":9}},"17":{"start":{"line":29,"column":4},"end":{"line":29,"column":29}},"18":{"start":{"line":32,"column":20},"end":{"line":32,"column":40}},"19":{"start":{"line":33,"column":19},"end":{"line":33,"column":41}},"20":{"start":{"line":34,"column":19},"end":{"line":34,"column":41}},"21":{"start":{"line":35,"column":20},"end":{"line":35,"column":39}},"22":{"start":{"line":37,"column":25},"end":{"line":37,"column":68}},"23":{"start":{"line":40,"column":4},"end":{"line":48,"column":9}},"24":{"start":{"line":51,"column":4},"end":{"line":51,"column":23}},"25":{"start":{"line":52,"column":4},"end":{"line":52,"column":27}},"26":{"start":{"line":52,"column":20},"end":{"line":52,"column":27}},"27":{"start":{"line":53,"column":4},"end":{"line":53,"column":21}},"28":{"start":{"line":56,"column":17},"end":{"line":62,"column":3}},"29":{"start":{"line":57,"column":4},"end":{"line":61,"column":5}},"30":{"start":{"line":58,"column":6},"end":{"line":58,"column":28}},"31":{"start":{"line":60,"column":6},"end":{"line":60,"column":25}},"32":{"start":{"line":64,"column":2},"end":{"line":263,"column":4}},"33":{"start":{"line":104,"column":31},"end":{"line":104,"column":58}},"34":{"start":{"line":122,"column":31},"end":{"line":122,"column":55}},"35":{"start":{"line":139,"column":33},"end":{"line":139,"column":60}},"36":{"start":{"line":148,"column":31},"end":{"line":148,"column":53}},"37":{"start":{"line":148,"column":50},"end":{"line":148,"column":52}},"38":{"start":{"line":192,"column":33},"end":{"line":192,"column":59}},"39":{"start":{"line":202,"column":31},"end":{"line":202,"column":56}},"40":{"start":{"line":202,"column":53},"end":{"line":202,"column":55}},"41":{"start":{"line":227,"column":31},"end":{"line":227,"column":57}}},"fnMap":{"0":{"name":"CreateAccountPage","decl":{"start":{"line":10,"column":24},"end":{"line":10,"column":41}},"loc":{"start":{"line":10,"column":54},"end":{"line":264,"column":1}}},"1":{"name":"(anonymous_10)","decl":{"start":{"line":28,"column":12},"end":{"line":28,"column":15}},"loc":{"start":{"line":28,"column":17},"end":{"line":30,"column":3}}},"2":{"name":"onSubmit","decl":{"start":{"line":50,"column":11},"end":{"line":50,"column":19}},"loc":{"start":{"line":50,"column":38},"end":{"line":54,"column":3}}},"3":{"name":"(anonymous_12)","decl":{"start":{"line":56,"column":17},"end":{"line":56,"column":20}},"loc":{"start":{"line":56,"column":22},"end":{"line":62,"column":3}}},"4":{"name":"(anonymous_13)","decl":{"start":{"line":104,"column":24},"end":{"line":104,"column":25}},"loc":{"start":{"line":104,"column":31},"end":{"line":104,"column":58}}},"5":{"name":"(anonymous_14)","decl":{"start":{"line":122,"column":24},"end":{"line":122,"column":25}},"loc":{"start":{"line":122,"column":31},"end":{"line":122,"column":55}}},"6":{"name":"(anonymous_15)","decl":{"start":{"line":139,"column":26},"end":{"line":139,"column":27}},"loc":{"start":{"line":139,"column":33},"end":{"line":139,"column":60}}},"7":{"name":"(anonymous_16)","decl":{"start":{"line":148,"column":25},"end":{"line":148,"column":28}},"loc":{"start":{"line":148,"column":31},"end":{"line":148,"column":53}}},"8":{"name":"(anonymous_17)","decl":{"start":{"line":148,"column":43},"end":{"line":148,"column":44}},"loc":{"start":{"line":148,"column":50},"end":{"line":148,"column":52}}},"9":{"name":"(anonymous_18)","decl":{"start":{"line":192,"column":26},"end":{"line":192,"column":27}},"loc":{"start":{"line":192,"column":33},"end":{"line":192,"column":59}}},"10":{"name":"(anonymous_19)","decl":{"start":{"line":202,"column":25},"end":{"line":202,"column":28}},"loc":{"start":{"line":202,"column":31},"end":{"line":202,"column":56}}},"11":{"name":"(anonymous_20)","decl":{"start":{"line":202,"column":46},"end":{"line":202,"column":47}},"loc":{"start":{"line":202,"column":53},"end":{"line":202,"column":55}}},"12":{"name":"(anonymous_21)","decl":{"start":{"line":227,"column":24},"end":{"line":227,"column":25}},"loc":{"start":{"line":227,"column":31},"end":{"line":227,"column":57}}}},"branchMap":{"0":{"loc":{"start":{"line":37,"column":25},"end":{"line":37,"column":68}},"type":"binary-expr","locations":[{"start":{"line":37,"column":25},"end":{"line":37,"column":44}},{"start":{"line":37,"column":48},"end":{"line":37,"column":68}}]},"1":{"loc":{"start":{"line":40,"column":4},"end":{"line":48,"column":9}},"type":"binary-expr","locations":[{"start":{"line":40,"column":4},"end":{"line":40,"column":31}},{"start":{"line":41,"column":4},"end":{"line":41,"column":27}},{"start":{"line":42,"column":4},"end":{"line":42,"column":23}},{"start":{"line":43,"column":4},"end":{"line":43,"column":13}},{"start":{"line":44,"column":4},"end":{"line":44,"column":12}},{"start":{"line":45,"column":4},"end":{"line":45,"column":12}},{"start":{"line":46,"column":4},"end":{"line":46,"column":13}},{"start":{"line":47,"column":4},"end":{"line":47,"column":18}},{"start":{"line":48,"column":4},"end":{"line":48,"column":9}}]},"2":{"loc":{"start":{"line":52,"column":4},"end":{"line":52,"column":27}},"type":"if","locations":[{"start":{"line":52,"column":4},"end":{"line":52,"column":27}}]},"3":{"loc":{"start":{"line":136,"column":22},"end":{"line":136,"column":52}},"type":"cond-expr","locations":[{"start":{"line":136,"column":33},"end":{"line":136,"column":39}},{"start":{"line":136,"column":42},"end":{"line":136,"column":52}}]},"4":{"loc":{"start":{"line":146,"column":28},"end":{"line":146,"column":72}},"type":"cond-expr","locations":[{"start":{"line":146,"column":39},"end":{"line":146,"column":54}},{"start":{"line":146,"column":57},"end":{"line":146,"column":72}}]},"5":{"loc":{"start":{"line":150,"column":17},"end":{"line":150,"column":43}},"type":"cond-expr","locations":[{"start":{"line":150,"column":28},"end":{"line":150,"column":34}},{"start":{"line":150,"column":37},"end":{"line":150,"column":43}}]},"6":{"loc":{"start":{"line":166,"column":30},"end":{"line":166,"column":105}},"type":"cond-expr","locations":[{"start":{"line":166,"column":42},"end":{"line":166,"column":70}},{"start":{"line":166,"column":73},"end":{"line":166,"column":105}}]},"7":{"loc":{"start":{"line":167,"column":17},"end":{"line":167,"column":38}},"type":"cond-expr","locations":[{"start":{"line":167,"column":29},"end":{"line":167,"column":32}},{"start":{"line":167,"column":35},"end":{"line":167,"column":38}}]},"8":{"loc":{"start":{"line":169,"column":30},"end":{"line":169,"column":102}},"type":"cond-expr","locations":[{"start":{"line":169,"column":41},"end":{"line":169,"column":68}},{"start":{"line":169,"column":71},"end":{"line":169,"column":102}}]},"9":{"loc":{"start":{"line":170,"column":17},"end":{"line":170,"column":37}},"type":"cond-expr","locations":[{"start":{"line":170,"column":28},"end":{"line":170,"column":31}},{"start":{"line":170,"column":34},"end":{"line":170,"column":37}}]},"10":{"loc":{"start":{"line":172,"column":30},"end":{"line":172,"column":102}},"type":"cond-expr","locations":[{"start":{"line":172,"column":41},"end":{"line":172,"column":68}},{"start":{"line":172,"column":71},"end":{"line":172,"column":102}}]},"11":{"loc":{"start":{"line":173,"column":17},"end":{"line":173,"column":37}},"type":"cond-expr","locations":[{"start":{"line":173,"column":28},"end":{"line":173,"column":31}},{"start":{"line":173,"column":34},"end":{"line":173,"column":37}}]},"12":{"loc":{"start":{"line":175,"column":30},"end":{"line":175,"column":83}},"type":"cond-expr","locations":[{"start":{"line":175,"column":42},"end":{"line":175,"column":59}},{"start":{"line":175,"column":62},"end":{"line":175,"column":83}}]},"13":{"loc":{"start":{"line":176,"column":17},"end":{"line":176,"column":38}},"type":"cond-expr","locations":[{"start":{"line":176,"column":29},"end":{"line":176,"column":32}},{"start":{"line":176,"column":35},"end":{"line":176,"column":38}}]},"14":{"loc":{"start":{"line":189,"column":22},"end":{"line":189,"column":55}},"type":"cond-expr","locations":[{"start":{"line":189,"column":36},"end":{"line":189,"column":42}},{"start":{"line":189,"column":45},"end":{"line":189,"column":55}}]},"15":{"loc":{"start":{"line":195,"column":30},"end":{"line":195,"column":86}},"type":"cond-expr","locations":[{"start":{"line":195,"column":70},"end":{"line":195,"column":76}},{"start":{"line":195,"column":79},"end":{"line":195,"column":86}}]},"16":{"loc":{"start":{"line":195,"column":30},"end":{"line":195,"column":67}},"type":"binary-expr","locations":[{"start":{"line":195,"column":30},"end":{"line":195,"column":48}},{"start":{"line":195,"column":52},"end":{"line":195,"column":67}}]},"17":{"loc":{"start":{"line":200,"column":28},"end":{"line":200,"column":91}},"type":"cond-expr","locations":[{"start":{"line":200,"column":42},"end":{"line":200,"column":65}},{"start":{"line":200,"column":68},"end":{"line":200,"column":91}}]},"18":{"loc":{"start":{"line":204,"column":17},"end":{"line":204,"column":46}},"type":"cond-expr","locations":[{"start":{"line":204,"column":31},"end":{"line":204,"column":37}},{"start":{"line":204,"column":40},"end":{"line":204,"column":46}}]},"19":{"loc":{"start":{"line":207,"column":13},"end":{"line":210,"column":null}},"type":"binary-expr","locations":[{"start":{"line":207,"column":13},"end":{"line":207,"column":31}},{"start":{"line":207,"column":35},"end":{"line":207,"column":50}},{"start":{"line":208,"column":14},"end":{"line":208,"column":null}}]}},"s":{"0":3,"1":3,"2":3,"3":2,"4":2,"5":2,"6":2,"7":2,"8":2,"9":2,"10":2,"11":2,"12":2,"13":2,"14":2,"15":2,"16":2,"17":2,"18":2,"19":2,"20":2,"21":2,"22":2,"23":2,"24":0,"25":0,"26":0,"27":0,"28":2,"29":0,"30":0,"31":0,"32":2,"33":0,"34":0,"35":0,"36":0,"37":0,"38":0,"39":0,"40":0,"41":0},"f":{"0":2,"1":2,"2":0,"3":0,"4":0,"5":0,"6":0,"7":0,"8":0,"9":0,"10":0,"11":0,"12":0},"b":{"0":[2,0],"1":[2,2,2,2,0,0,0,0,0],"2":[0],"3":[0,2],"4":[0,2],"5":[0,2],"6":[0,2],"7":[0,2],"8":[0,2],"9":[0,2],"10":[0,2],"11":[0,2],"12":[0,2],"13":[0,2],"14":[0,2],"15":[0,2],"16":[2,0],"17":[0,2],"18":[0,2],"19":[2,0,0]}}
,"C:\\Users\\ade_f\\OneDrive\\Documents\\UMGC\\FIFTH SEMESTER\\SWEN 661 9040 USER INTERFACE IMPLEMENTATION\\swen-661-careconnect-low-vision\\electron\\src\\ui\\pages\\DashboardPage.tsx": {"path":"C:\\Users\\ade_f\\OneDrive\\Documents\\UMGC\\FIFTH SEMESTER\\SWEN 661 9040 USER INTERFACE IMPLEMENTATION\\swen-661-careconnect-low-vision\\electron\\src\\ui\\pages\\DashboardPage.tsx","statementMap":{"0":{"start":{"line":18,"column":0},"end":{"line":18,"column":24}},"1":{"start":{"line":1,"column":0},"end":{"line":1,"column":26}},"2":{"start":{"line":3,"column":0},"end":{"line":3,"column":92}},"3":{"start":{"line":4,"column":0},"end":{"line":4,"column":null}},"4":{"start":{"line":19,"column":2},"end":{"line":29,"column":4}}},"fnMap":{"0":{"name":"DashboardPage","decl":{"start":{"line":18,"column":24},"end":{"line":18,"column":37}},"loc":{"start":{"line":18,"column":50},"end":{"line":30,"column":1}}}},"branchMap":{},"s":{"0":1,"1":1,"2":1,"3":0,"4":0},"f":{"0":0},"b":{}}
,"C:\\Users\\ade_f\\OneDrive\\Documents\\UMGC\\FIFTH SEMESTER\\SWEN 661 9040 USER INTERFACE IMPLEMENTATION\\swen-661-careconnect-low-vision\\electron\\src\\ui\\pages\\LandingPage.tsx": {"path":"C:\\Users\\ade_f\\OneDrive\\Documents\\UMGC\\FIFTH SEMESTER\\SWEN 661 9040 USER INTERFACE IMPLEMENTATION\\swen-661-careconnect-low-vision\\electron\\src\\ui\\pages\\LandingPage.tsx","statementMap":{"0":{"start":{"line":4,"column":0},"end":{"line":4,"column":24}},"1":{"start":{"line":1,"column":0},"end":{"line":1,"column":26}},"2":{"start":{"line":2,"column":0},"end":{"line":2,"column":47}},"3":{"start":{"line":5,"column":19},"end":{"line":5,"column":32}},"4":{"start":{"line":7,"column":2},"end":{"line":103,"column":4}},"5":{"start":{"line":19,"column":27},"end":{"line":19,"column":44}},"6":{"start":{"line":41,"column":27},"end":{"line":41,"column":44}},"7":{"start":{"line":63,"column":12},"end":{"line":63,"column":29}},"8":{"start":{"line":84,"column":12},"end":{"line":84,"column":29}}},"fnMap":{"0":{"name":"LandingPage","decl":{"start":{"line":4,"column":24},"end":{"line":4,"column":35}},"loc":{"start":{"line":4,"column":35},"end":{"line":104,"column":1}}},"1":{"name":"(anonymous_2)","decl":{"start":{"line":19,"column":21},"end":{"line":19,"column":24}},"loc":{"start":{"line":19,"column":27},"end":{"line":19,"column":44}}},"2":{"name":"(anonymous_3)","decl":{"start":{"line":41,"column":21},"end":{"line":41,"column":24}},"loc":{"start":{"line":41,"column":27},"end":{"line":41,"column":44}}},"3":{"name":"(anonymous_4)","decl":{"start":{"line":62,"column":16},"end":{"line":62,"column":17}},"loc":{"start":{"line":63,"column":12},"end":{"line":63,"column":29}}},"4":{"name":"(anonymous_5)","decl":{"start":{"line":83,"column":16},"end":{"line":83,"column":17}},"loc":{"start":{"line":84,"column":12},"end":{"line":84,"column":29}}}},"branchMap":{},"s":{"0":3,"1":3,"2":3,"3":4,"4":4,"5":1,"6":1,"7":16,"8":24},"f":{"0":4,"1":1,"2":1,"3":16,"4":24},"b":{}}
,"C:\\Users\\ade_f\\OneDrive\\Documents\\UMGC\\FIFTH SEMESTER\\SWEN 661 9040 USER INTERFACE IMPLEMENTATION\\swen-661-careconnect-low-vision\\electron\\src\\ui\\pages\\LoginPage.tsx": {"path":"C:\\Users\\ade_f\\OneDrive\\Documents\\UMGC\\FIFTH SEMESTER\\SWEN 661 9040 USER INTERFACE IMPLEMENTATION\\swen-661-careconnect-low-vision\\electron\\src\\ui\\pages\\LoginPage.tsx","statementMap":{"0":{"start":{"line":11,"column":0},"end":{"line":11,"column":24}},"1":{"start":{"line":1,"column":0},"end":{"line":1,"column":66}},"2":{"start":{"line":2,"column":0},"end":{"line":2,"column":47}},"3":{"start":{"line":12,"column":19},"end":{"line":12,"column":32}},"4":{"start":{"line":14,"column":18},"end":{"line":14,"column":25}},"5":{"start":{"line":15,"column":17},"end":{"line":15,"column":24}},"6":{"start":{"line":16,"column":19},"end":{"line":16,"column":56}},"7":{"start":{"line":18,"column":28},"end":{"line":18,"column":62}},"8":{"start":{"line":19,"column":34},"end":{"line":19,"column":46}},"9":{"start":{"line":20,"column":34},"end":{"line":20,"column":49}},"10":{"start":{"line":22,"column":2},"end":{"line":24,"column":9}},"11":{"start":{"line":23,"column":4},"end":{"line":23,"column":30}},"12":{"start":{"line":26,"column":20},"end":{"line":26,"column":73}},"13":{"start":{"line":29,"column":4},"end":{"line":29,"column":23}},"14":{"start":{"line":30,"column":4},"end":{"line":30,"column":27}},"15":{"start":{"line":30,"column":20},"end":{"line":30,"column":27}},"16":{"start":{"line":31,"column":4},"end":{"line":31,"column":20}},"17":{"start":{"line":34,"column":2},"end":{"line":135,"column":4}},"18":{"start":{"line":52,"column":27},"end":{"line":52,"column":44}},"19":{"start":{"line":76,"column":31},"end":{"line":76,"column":55}},"20":{"start":{"line":92,"column":33},"end":{"line":92,"column":60}},"21":{"start":{"line":101,"column":31},"end":{"line":101,"column":53}},"22":{"start":{"line":101,"column":50},"end":{"line":101,"column":52}}},"fnMap":{"0":{"name":"LoginPage","decl":{"start":{"line":11,"column":24},"end":{"line":11,"column":33}},"loc":{"start":{"line":11,"column":46},"end":{"line":136,"column":1}}},"1":{"name":"(anonymous_10)","decl":{"start":{"line":22,"column":12},"end":{"line":22,"column":15}},"loc":{"start":{"line":22,"column":17},"end":{"line":24,"column":3}}},"2":{"name":"onSubmit","decl":{"start":{"line":28,"column":11},"end":{"line":28,"column":19}},"loc":{"start":{"line":28,"column":38},"end":{"line":32,"column":3}}},"3":{"name":"(anonymous_12)","decl":{"start":{"line":52,"column":21},"end":{"line":52,"column":24}},"loc":{"start":{"line":52,"column":27},"end":{"line":52,"column":44}}},"4":{"name":"(anonymous_13)","decl":{"start":{"line":76,"column":24},"end":{"line":76,"column":25}},"loc":{"start":{"line":76,"column":31},"end":{"line":76,"column":55}}},"5":{"name":"(anonymous_14)","decl":{"start":{"line":92,"column":26},"end":{"line":92,"column":27}},"loc":{"start":{"line":92,"column":33},"end":{"line":92,"column":60}}},"6":{"name":"(anonymous_15)","decl":{"start":{"line":101,"column":25},"end":{"line":101,"column":28}},"loc":{"start":{"line":101,"column":31},"end":{"line":101,"column":53}}},"7":{"name":"(anonymous_16)","decl":{"start":{"line":101,"column":43},"end":{"line":101,"column":44}},"loc":{"start":{"line":101,"column":50},"end":{"line":101,"column":52}}}},"branchMap":{"0":{"loc":{"start":{"line":26,"column":20},"end":{"line":26,"column":73}},"type":"binary-expr","locations":[{"start":{"line":26,"column":20},"end":{"line":26,"column":43}},{"start":{"line":26,"column":47},"end":{"line":26,"column":73}}]},"1":{"loc":{"start":{"line":30,"column":4},"end":{"line":30,"column":27}},"type":"if","locations":[{"start":{"line":30,"column":4},"end":{"line":30,"column":27}}]},"2":{"loc":{"start":{"line":89,"column":22},"end":{"line":89,"column":52}},"type":"cond-expr","locations":[{"start":{"line":89,"column":33},"end":{"line":89,"column":39}},{"start":{"line":89,"column":42},"end":{"line":89,"column":52}}]},"3":{"loc":{"start":{"line":99,"column":28},"end":{"line":99,"column":72}},"type":"cond-expr","locations":[{"start":{"line":99,"column":39},"end":{"line":99,"column":54}},{"start":{"line":99,"column":57},"end":{"line":99,"column":72}}]},"4":{"loc":{"start":{"line":103,"column":17},"end":{"line":103,"column":43}},"type":"cond-expr","locations":[{"start":{"line":103,"column":28},"end":{"line":103,"column":34}},{"start":{"line":103,"column":37},"end":{"line":103,"column":43}}]}},"s":{"0":4,"1":4,"2":4,"3":3,"4":3,"5":3,"6":3,"7":3,"8":3,"9":3,"10":3,"11":2,"12":3,"13":0,"14":0,"15":0,"16":0,"17":3,"18":1,"19":0,"20":0,"21":0,"22":0},"f":{"0":3,"1":2,"2":0,"3":1,"4":0,"5":0,"6":0,"7":0},"b":{"0":[3,3],"1":[0],"2":[0,3],"3":[0,3],"4":[0,3]}}
,"C:\\Users\\ade_f\\OneDrive\\Documents\\UMGC\\FIFTH SEMESTER\\SWEN 661 9040 USER INTERFACE IMPLEMENTATION\\swen-661-careconnect-low-vision\\electron\\src\\ui\\pages\\MedicationDetailsPage.tsx": {"path":"C:\\Users\\ade_f\\OneDrive\\Documents\\UMGC\\FIFTH SEMESTER\\SWEN 661 9040 USER INTERFACE IMPLEMENTATION\\swen-661-careconnect-low-vision\\electron\\src\\ui\\pages\\MedicationDetailsPage.tsx","statementMap":{"0":{"start":{"line":15,"column":0},"end":{"line":15,"column":24}},"1":{"start":{"line":1,"column":0},"end":{"line":1,"column":49}},"2":{"start":{"line":2,"column":0},"end":{"line":2,"column":58}},"3":{"start":{"line":3,"column":0},"end":{"line":3,"column":51}},"4":{"start":{"line":16,"column":19},"end":{"line":16,"column":32}},"5":{"start":{"line":17,"column":20},"end":{"line":17,"column":31}},"6":{"start":{"line":20,"column":28},"end":{"line":20,"column":43}},"7":{"start":{"line":21,"column":42},"end":{"line":21,"column":71}},"8":{"start":{"line":23,"column":18},"end":{"line":31,"column":null}},"9":{"start":{"line":24,"column":10},"end":{"line":30,"column":null}},"10":{"start":{"line":35,"column":14},"end":{"line":35,"column":24}},"11":{"start":{"line":36,"column":20},"end":{"line":36,"column":74}},"12":{"start":{"line":38,"column":24},"end":{"line":45,"column":24}},"13":{"start":{"line":47,"column":26},"end":{"line":47,"column":107}},"14":{"start":{"line":48,"column":21},"end":{"line":48,"column":73}},"15":{"start":{"line":50,"column":26},"end":{"line":54,"column":3}},"16":{"start":{"line":51,"column":4},"end":{"line":51,"column":19}},"17":{"start":{"line":52,"column":4},"end":{"line":52,"column":26}},"18":{"start":{"line":53,"column":4},"end":{"line":53,"column":37}},"19":{"start":{"line":56,"column":23},"end":{"line":60,"column":3}},"20":{"start":{"line":57,"column":4},"end":{"line":57,"column":20}},"21":{"start":{"line":58,"column":4},"end":{"line":58,"column":54}},"22":{"start":{"line":59,"column":4},"end":{"line":59,"column":48}},"23":{"start":{"line":62,"column":2},"end":{"line":185,"column":4}},"24":{"start":{"line":67,"column":55},"end":{"line":67,"column":79}},"25":{"start":{"line":118,"column":18},"end":{"line":118,"column":34}},"26":{"start":{"line":155,"column":33},"end":{"line":155,"column":49}},"27":{"start":{"line":163,"column":33},"end":{"line":163,"column":91}},"28":{"start":{"line":171,"column":33},"end":{"line":171,"column":92}}},"fnMap":{"0":{"name":"MedicationDetailsPage","decl":{"start":{"line":15,"column":24},"end":{"line":15,"column":45}},"loc":{"start":{"line":15,"column":58},"end":{"line":186,"column":1}}},"1":{"name":"(anonymous_10)","decl":{"start":{"line":24,"column":4},"end":{"line":24,"column":7}},"loc":{"start":{"line":24,"column":10},"end":{"line":30,"column":null}}},"2":{"name":"(anonymous_11)","decl":{"start":{"line":50,"column":26},"end":{"line":50,"column":29}},"loc":{"start":{"line":50,"column":31},"end":{"line":54,"column":3}}},"3":{"name":"(anonymous_12)","decl":{"start":{"line":56,"column":23},"end":{"line":56,"column":24}},"loc":{"start":{"line":56,"column":40},"end":{"line":60,"column":3}}},"4":{"name":"(anonymous_13)","decl":{"start":{"line":67,"column":49},"end":{"line":67,"column":52}},"loc":{"start":{"line":67,"column":55},"end":{"line":67,"column":79}}},"5":{"name":"(anonymous_14)","decl":{"start":{"line":117,"column":29},"end":{"line":117,"column":30}},"loc":{"start":{"line":118,"column":18},"end":{"line":118,"column":34}}},"6":{"name":"(anonymous_15)","decl":{"start":{"line":155,"column":27},"end":{"line":155,"column":30}},"loc":{"start":{"line":155,"column":33},"end":{"line":155,"column":49}}},"7":{"name":"(anonymous_16)","decl":{"start":{"line":163,"column":27},"end":{"line":163,"column":30}},"loc":{"start":{"line":163,"column":33},"end":{"line":163,"column":91}}},"8":{"name":"(anonymous_17)","decl":{"start":{"line":171,"column":27},"end":{"line":171,"column":30}},"loc":{"start":{"line":171,"column":33},"end":{"line":171,"column":92}}}},"branchMap":{"0":{"loc":{"start":{"line":36,"column":20},"end":{"line":36,"column":74}},"type":"binary-expr","locations":[{"start":{"line":36,"column":20},"end":{"line":36,"column":52}},{"start":{"line":36,"column":56},"end":{"line":36,"column":74}}]},"1":{"loc":{"start":{"line":38,"column":24},"end":{"line":45,"column":24}},"type":"cond-expr","locations":[{"start":{"line":39,"column":6},"end":{"line":39,"column":24}},{"start":{"line":40,"column":6},"end":{"line":45,"column":24}}]},"2":{"loc":{"start":{"line":40,"column":6},"end":{"line":45,"column":24}},"type":"cond-expr","locations":[{"start":{"line":41,"column":8},"end":{"line":44,"column":12}},{"start":{"line":45,"column":8},"end":{"line":45,"column":24}}]},"3":{"loc":{"start":{"line":47,"column":26},"end":{"line":47,"column":107}},"type":"cond-expr","locations":[{"start":{"line":47,"column":34},"end":{"line":47,"column":51}},{"start":{"line":47,"column":54},"end":{"line":47,"column":107}}]},"4":{"loc":{"start":{"line":47,"column":54},"end":{"line":47,"column":107}},"type":"cond-expr","locations":[{"start":{"line":47,"column":66},"end":{"line":47,"column":85}},{"start":{"line":47,"column":88},"end":{"line":47,"column":107}}]},"5":{"loc":{"start":{"line":48,"column":21},"end":{"line":48,"column":73}},"type":"cond-expr","locations":[{"start":{"line":48,"column":29},"end":{"line":48,"column":36}},{"start":{"line":48,"column":39},"end":{"line":48,"column":73}}]},"6":{"loc":{"start":{"line":48,"column":39},"end":{"line":48,"column":73}},"type":"cond-expr","locations":[{"start":{"line":48,"column":51},"end":{"line":48,"column":60}},{"start":{"line":48,"column":63},"end":{"line":48,"column":73}}]},"7":{"loc":{"start":{"line":56,"column":24},"end":{"line":56,"column":36}},"type":"default-arg","locations":[{"start":{"line":56,"column":34},"end":{"line":56,"column":36}}]},"8":{"loc":{"start":{"line":72,"column":51},"end":{"line":72,"column":77}},"type":"binary-expr","locations":[{"start":{"line":72,"column":51},"end":{"line":72,"column":56}},{"start":{"line":72,"column":60},"end":{"line":72,"column":77}}]},"9":{"loc":{"start":{"line":121,"column":24},"end":{"line":125,"column":47}},"type":"cond-expr","locations":[{"start":{"line":122,"column":28},"end":{"line":122,"column":43}},{"start":{"line":123,"column":28},"end":{"line":125,"column":47}}]},"10":{"loc":{"start":{"line":123,"column":28},"end":{"line":125,"column":47}},"type":"cond-expr","locations":[{"start":{"line":124,"column":30},"end":{"line":124,"column":47}},{"start":{"line":125,"column":30},"end":{"line":125,"column":47}}]},"11":{"loc":{"start":{"line":147,"column":25},"end":{"line":147,"column":66}},"type":"cond-expr","locations":[{"start":{"line":147,"column":33},"end":{"line":147,"column":48}},{"start":{"line":147,"column":51},"end":{"line":147,"column":66}}]},"12":{"loc":{"start":{"line":149,"column":19},"end":{"line":149,"column":52}},"type":"cond-expr","locations":[{"start":{"line":149,"column":27},"end":{"line":149,"column":34}},{"start":{"line":149,"column":37},"end":{"line":149,"column":52}}]}},"s":{"0":3,"1":3,"2":3,"3":3,"4":1,"5":1,"6":1,"7":1,"8":1,"9":1,"10":1,"11":1,"12":1,"13":1,"14":1,"15":1,"16":0,"17":0,"18":0,"19":1,"20":0,"21":0,"22":0,"23":1,"24":0,"25":5,"26":0,"27":0,"28":0},"f":{"0":1,"1":1,"2":0,"3":0,"4":0,"5":5,"6":0,"7":0,"8":0},"b":{"0":[1,0],"1":[0,1],"2":[0,1],"3":[0,1],"4":[0,1],"5":[0,1],"6":[0,1],"7":[0],"8":[1,1],"9":[4,1],"10":[1,0],"11":[0,1],"12":[0,1]}}
,"C:\\Users\\ade_f\\OneDrive\\Documents\\UMGC\\FIFTH SEMESTER\\SWEN 661 9040 USER INTERFACE IMPLEMENTATION\\swen-661-careconnect-low-vision\\electron\\src\\ui\\pages\\MedicationsPage.tsx": {"path":"C:\\Users\\ade_f\\OneDrive\\Documents\\UMGC\\FIFTH SEMESTER\\SWEN 661 9040 USER INTERFACE IMPLEMENTATION\\swen-661-careconnect-low-vision\\electron\\src\\ui\\pages\\MedicationsPage.tsx","statementMap":{"0":{"start":{"line":8,"column":0},"end":{"line":8,"column":24}},"1":{"start":{"line":1,"column":0},"end":{"line":1,"column":26}},"2":{"start":{"line":2,"column":0},"end":{"line":2,"column":68}},"3":{"start":{"line":9,"column":2},"end":{"line":18,"column":4}}},"fnMap":{"0":{"name":"MedicationsPage","decl":{"start":{"line":8,"column":24},"end":{"line":8,"column":39}},"loc":{"start":{"line":8,"column":52},"end":{"line":19,"column":1}}}},"branchMap":{},"s":{"0":1,"1":1,"2":1,"3":0},"f":{"0":0},"b":{}}
,"C:\\Users\\ade_f\\OneDrive\\Documents\\UMGC\\FIFTH SEMESTER\\SWEN 661 9040 USER INTERFACE IMPLEMENTATION\\swen-661-careconnect-low-vision\\electron\\src\\ui\\pages\\ResetPasswordPage.tsx": {"path":"C:\\Users\\ade_f\\OneDrive\\Documents\\UMGC\\FIFTH SEMESTER\\SWEN 661 9040 USER INTERFACE IMPLEMENTATION\\swen-661-careconnect-low-vision\\electron\\src\\ui\\pages\\ResetPasswordPage.tsx","statementMap":{"0":{"start":{"line":10,"column":0},"end":{"line":10,"column":24}},"1":{"start":{"line":1,"column":0},"end":{"line":1,"column":66}},"2":{"start":{"line":2,"column":0},"end":{"line":2,"column":47}},"3":{"start":{"line":11,"column":19},"end":{"line":11,"column":32}},"4":{"start":{"line":12,"column":18},"end":{"line":12,"column":25}},"5":{"start":{"line":13,"column":19},"end":{"line":13,"column":56}},"6":{"start":{"line":15,"column":28},"end":{"line":15,"column":62}},"7":{"start":{"line":17,"column":2},"end":{"line":19,"column":9}},"8":{"start":{"line":18,"column":4},"end":{"line":18,"column":30}},"9":{"start":{"line":21,"column":18},"end":{"line":21,"column":64}},"10":{"start":{"line":24,"column":4},"end":{"line":24,"column":23}},"11":{"start":{"line":25,"column":4},"end":{"line":25,"column":25}},"12":{"start":{"line":25,"column":18},"end":{"line":25,"column":25}},"13":{"start":{"line":26,"column":4},"end":{"line":26,"column":19}},"14":{"start":{"line":29,"column":17},"end":{"line":36,"column":3}},"15":{"start":{"line":31,"column":4},"end":{"line":35,"column":5}},"16":{"start":{"line":32,"column":6},"end":{"line":32,"column":21}},"17":{"start":{"line":34,"column":6},"end":{"line":34,"column":25}},"18":{"start":{"line":38,"column":2},"end":{"line":107,"column":4}},"19":{"start":{"line":81,"column":31},"end":{"line":81,"column":55}}},"fnMap":{"0":{"name":"ResetPasswordPage","decl":{"start":{"line":10,"column":24},"end":{"line":10,"column":41}},"loc":{"start":{"line":10,"column":54},"end":{"line":108,"column":1}}},"1":{"name":"(anonymous_10)","decl":{"start":{"line":17,"column":12},"end":{"line":17,"column":15}},"loc":{"start":{"line":17,"column":17},"end":{"line":19,"column":3}}},"2":{"name":"onSubmit","decl":{"start":{"line":23,"column":11},"end":{"line":23,"column":19}},"loc":{"start":{"line":23,"column":38},"end":{"line":27,"column":3}}},"3":{"name":"(anonymous_12)","decl":{"start":{"line":29,"column":17},"end":{"line":29,"column":20}},"loc":{"start":{"line":29,"column":22},"end":{"line":36,"column":3}}},"4":{"name":"(anonymous_13)","decl":{"start":{"line":81,"column":24},"end":{"line":81,"column":25}},"loc":{"start":{"line":81,"column":31},"end":{"line":81,"column":55}}}},"branchMap":{"0":{"loc":{"start":{"line":21,"column":18},"end":{"line":21,"column":64}},"type":"binary-expr","locations":[{"start":{"line":21,"column":18},"end":{"line":21,"column":41}},{"start":{"line":21,"column":45},"end":{"line":21,"column":64}}]},"1":{"loc":{"start":{"line":25,"column":4},"end":{"line":25,"column":25}},"type":"if","locations":[{"start":{"line":25,"column":4},"end":{"line":25,"column":25}}]}},"s":{"0":2,"1":2,"2":2,"3":1,"4":1,"5":1,"6":1,"7":1,"8":1,"9":1,"10":0,"11":0,"12":0,"13":0,"14":1,"15":0,"16":0,"17":0,"18":1,"19":0},"f":{"0":1,"1":1,"2":0,"3":0,"4":0},"b":{"0":[1,1],"1":[0]}}
,"C:\\Users\\ade_f\\OneDrive\\Documents\\UMGC\\FIFTH SEMESTER\\SWEN 661 9040 USER INTERFACE IMPLEMENTATION\\swen-661-careconnect-low-vision\\electron\\src\\ui\\pages\\RoleSelectPage.tsx": {"path":"C:\\Users\\ade_f\\OneDrive\\Documents\\UMGC\\FIFTH SEMESTER\\SWEN 661 9040 USER INTERFACE IMPLEMENTATION\\swen-661-careconnect-low-vision\\electron\\src\\ui\\pages\\RoleSelectPage.tsx","statementMap":{"0":{"start":{"line":6,"column":0},"end":{"line":6,"column":24}},"1":{"start":{"line":1,"column":0},"end":{"line":1,"column":40}},"2":{"start":{"line":2,"column":0},"end":{"line":2,"column":47}},"3":{"start":{"line":7,"column":19},"end":{"line":7,"column":32}},"4":{"start":{"line":8,"column":26},"end":{"line":8,"column":51}},"5":{"start":{"line":10,"column":21},"end":{"line":16,"column":3}},"6":{"start":{"line":12,"column":4},"end":{"line":14,"column":14}},"7":{"start":{"line":13,"column":6},"end":{"line":13,"column":44}},"8":{"start":{"line":15,"column":4},"end":{"line":15,"column":23}},"9":{"start":{"line":18,"column":2},"end":{"line":90,"column":4}},"10":{"start":{"line":27,"column":27},"end":{"line":27,"column":47}},"11":{"start":{"line":44,"column":27},"end":{"line":44,"column":45}},"12":{"start":{"line":60,"column":27},"end":{"line":60,"column":47}}},"fnMap":{"0":{"name":"RoleSelectPage","decl":{"start":{"line":6,"column":24},"end":{"line":6,"column":38}},"loc":{"start":{"line":6,"column":38},"end":{"line":91,"column":1}}},"1":{"name":"(anonymous_10)","decl":{"start":{"line":10,"column":21},"end":{"line":10,"column":24}},"loc":{"start":{"line":10,"column":26},"end":{"line":16,"column":3}}},"2":{"name":"(anonymous_11)","decl":{"start":{"line":27,"column":21},"end":{"line":27,"column":24}},"loc":{"start":{"line":27,"column":27},"end":{"line":27,"column":47}}},"3":{"name":"(anonymous_12)","decl":{"start":{"line":44,"column":21},"end":{"line":44,"column":24}},"loc":{"start":{"line":44,"column":27},"end":{"line":44,"column":45}}},"4":{"name":"(anonymous_13)","decl":{"start":{"line":60,"column":21},"end":{"line":60,"column":24}},"loc":{"start":{"line":60,"column":27},"end":{"line":60,"column":47}}}},"branchMap":{"0":{"loc":{"start":{"line":43,"column":23},"end":{"line":43,"column":76}},"type":"cond-expr","locations":[{"start":{"line":43,"column":44},"end":{"line":43,"column":63}},{"start":{"line":43,"column":66},"end":{"line":43,"column":76}}]},"1":{"loc":{"start":{"line":59,"column":23},"end":{"line":59,"column":78}},"type":"cond-expr","locations":[{"start":{"line":59,"column":46},"end":{"line":59,"column":65}},{"start":{"line":59,"column":68},"end":{"line":59,"column":78}}]}},"s":{"0":2,"1":2,"2":2,"3":1,"4":1,"5":1,"6":0,"7":0,"8":0,"9":1,"10":0,"11":0,"12":0},"f":{"0":1,"1":0,"2":0,"3":0,"4":0},"b":{"0":[1,0],"1":[0,1]}}
,"C:\\Users\\ade_f\\OneDrive\\Documents\\UMGC\\FIFTH SEMESTER\\SWEN 661 9040 USER INTERFACE IMPLEMENTATION\\swen-661-careconnect-low-vision\\electron\\src\\ui\\pages\\SettingsPage.tsx": {"path":"C:\\Users\\ade_f\\OneDrive\\Documents\\UMGC\\FIFTH SEMESTER\\SWEN 661 9040 USER INTERFACE IMPLEMENTATION\\swen-661-careconnect-low-vision\\electron\\src\\ui\\pages\\SettingsPage.tsx","statementMap":{"0":{"start":{"line":74,"column":0},"end":{"line":74,"column":24}},"1":{"start":{"line":1,"column":0},"end":{"line":1,"column":60}},"2":{"start":{"line":2,"column":0},"end":{"line":2,"column":51}},"3":{"start":{"line":3,"column":0},"end":{"line":3,"column":47}},"4":{"start":{"line":19,"column":46},"end":{"line":19,"column":51}},"5":{"start":{"line":21,"column":2},"end":{"line":41,"column":4}},"6":{"start":{"line":29,"column":10},"end":{"line":30,"column":null}},"7":{"start":{"line":34,"column":27},"end":{"line":34,"column":38}},"8":{"start":{"line":52,"column":18},"end":{"line":52,"column":39}},"9":{"start":{"line":53,"column":19},"end":{"line":53,"column":42}},"10":{"start":{"line":55,"column":2},"end":{"line":71,"column":4}},"11":{"start":{"line":75,"column":19},"end":{"line":75,"column":32}},"12":{"start":{"line":76,"column":42},"end":{"line":76,"column":57}},"13":{"start":{"line":78,"column":20},"end":{"line":91,"column":null}},"14":{"start":{"line":79,"column":10},"end":{"line":90,"column":null}},"15":{"start":{"line":94,"column":34},"end":{"line":94,"column":88}},"16":{"start":{"line":95,"column":40},"end":{"line":95,"column":92}},"17":{"start":{"line":96,"column":40},"end":{"line":96,"column":86}},"18":{"start":{"line":98,"column":42},"end":{"line":98,"column":56}},"19":{"start":{"line":99,"column":42},"end":{"line":99,"column":57}},"20":{"start":{"line":100,"column":42},"end":{"line":100,"column":56}},"21":{"start":{"line":102,"column":52},"end":{"line":102,"column":66}},"22":{"start":{"line":103,"column":48},"end":{"line":103,"column":63}},"23":{"start":{"line":104,"column":44},"end":{"line":104,"column":58}},"24":{"start":{"line":106,"column":30},"end":{"line":106,"column":44}},"25":{"start":{"line":107,"column":38},"end":{"line":107,"column":53}},"26":{"start":{"line":108,"column":36},"end":{"line":108,"column":96}},"27":{"start":{"line":110,"column":19},"end":{"line":112,"column":null}},"28":{"start":{"line":111,"column":10},"end":{"line":111,"column":71}},"29":{"start":{"line":115,"column":2},"end":{"line":124,"column":21}},"30":{"start":{"line":116,"column":4},"end":{"line":116,"column":30}},"31":{"start":{"line":116,"column":23},"end":{"line":116,"column":30}},"32":{"start":{"line":118,"column":22},"end":{"line":120,"column":5}},"33":{"start":{"line":119,"column":6},"end":{"line":119,"column":53}},"34":{"start":{"line":119,"column":30},"end":{"line":119,"column":53}},"35":{"start":{"line":122,"column":4},"end":{"line":122,"column":50}},"36":{"start":{"line":123,"column":4},"end":{"line":123,"column":66}},"37":{"start":{"line":123,"column":17},"end":{"line":123,"column":65}},"38":{"start":{"line":126,"column":2},"end":{"line":360,"column":4}},"39":{"start":{"line":142,"column":29},"end":{"line":142,"column":50}},"40":{"start":{"line":149,"column":29},"end":{"line":149,"column":53}},"41":{"start":{"line":156,"column":29},"end":{"line":156,"column":51}},"42":{"start":{"line":163,"column":28},"end":{"line":163,"column":54}},"43":{"start":{"line":163,"column":51},"end":{"line":163,"column":53}},"44":{"start":{"line":172,"column":28},"end":{"line":172,"column":54}},"45":{"start":{"line":172,"column":51},"end":{"line":172,"column":53}},"46":{"start":{"line":181,"column":28},"end":{"line":181,"column":54}},"47":{"start":{"line":181,"column":51},"end":{"line":181,"column":53}},"48":{"start":{"line":217,"column":28},"end":{"line":217,"column":59}},"49":{"start":{"line":217,"column":56},"end":{"line":217,"column":58}},"50":{"start":{"line":226,"column":28},"end":{"line":226,"column":57}},"51":{"start":{"line":226,"column":54},"end":{"line":226,"column":56}},"52":{"start":{"line":235,"column":28},"end":{"line":235,"column":55}},"53":{"start":{"line":235,"column":52},"end":{"line":235,"column":54}},"54":{"start":{"line":244,"column":29},"end":{"line":244,"column":53}},"55":{"start":{"line":260,"column":28},"end":{"line":260,"column":48}},"56":{"start":{"line":260,"column":45},"end":{"line":260,"column":47}},"57":{"start":{"line":269,"column":28},"end":{"line":269,"column":52}},"58":{"start":{"line":269,"column":49},"end":{"line":269,"column":51}},"59":{"start":{"line":283,"column":29},"end":{"line":283,"column":50}},"60":{"start":{"line":309,"column":27},"end":{"line":309,"column":47}},"61":{"start":{"line":323,"column":25},"end":{"line":323,"column":47}},"62":{"start":{"line":325,"column":53},"end":{"line":325,"column":72}},"63":{"start":{"line":331,"column":31},"end":{"line":331,"column":53}},"64":{"start":{"line":341,"column":18},"end":{"line":342,"column":null}}},"fnMap":{"0":{"name":"Segmented","decl":{"start":{"line":13,"column":9},"end":{"line":13,"column":18}},"loc":{"start":{"line":18,"column":1},"end":{"line":42,"column":1}}},"1":{"name":"(anonymous_10)","decl":{"start":{"line":28,"column":21},"end":{"line":28,"column":22}},"loc":{"start":{"line":29,"column":10},"end":{"line":30,"column":null}}},"2":{"name":"(anonymous_11)","decl":{"start":{"line":34,"column":21},"end":{"line":34,"column":24}},"loc":{"start":{"line":34,"column":27},"end":{"line":34,"column":38}}},"3":{"name":"ToggleRow","decl":{"start":{"line":44,"column":9},"end":{"line":44,"column":18}},"loc":{"start":{"line":51,"column":1},"end":{"line":72,"column":1}}},"4":{"name":"SettingsPage","decl":{"start":{"line":74,"column":24},"end":{"line":74,"column":36}},"loc":{"start":{"line":74,"column":49},"end":{"line":361,"column":1}}},"5":{"name":"(anonymous_14)","decl":{"start":{"line":79,"column":4},"end":{"line":79,"column":7}},"loc":{"start":{"line":79,"column":10},"end":{"line":90,"column":null}}},"6":{"name":"(anonymous_15)","decl":{"start":{"line":111,"column":4},"end":{"line":111,"column":7}},"loc":{"start":{"line":111,"column":10},"end":{"line":111,"column":71}}},"7":{"name":"(anonymous_16)","decl":{"start":{"line":115,"column":12},"end":{"line":115,"column":15}},"loc":{"start":{"line":115,"column":17},"end":{"line":124,"column":3}}},"8":{"name":"(anonymous_17)","decl":{"start":{"line":118,"column":22},"end":{"line":118,"column":23}},"loc":{"start":{"line":118,"column":43},"end":{"line":120,"column":5}}},"9":{"name":"(anonymous_18)","decl":{"start":{"line":123,"column":11},"end":{"line":123,"column":14}},"loc":{"start":{"line":123,"column":17},"end":{"line":123,"column":65}}},"10":{"name":"(anonymous_19)","decl":{"start":{"line":142,"column":22},"end":{"line":142,"column":23}},"loc":{"start":{"line":142,"column":29},"end":{"line":142,"column":50}}},"11":{"name":"(anonymous_20)","decl":{"start":{"line":149,"column":22},"end":{"line":149,"column":23}},"loc":{"start":{"line":149,"column":29},"end":{"line":149,"column":53}}},"12":{"name":"(anonymous_21)","decl":{"start":{"line":156,"column":22},"end":{"line":156,"column":23}},"loc":{"start":{"line":156,"column":29},"end":{"line":156,"column":51}}},"13":{"name":"(anonymous_22)","decl":{"start":{"line":163,"column":22},"end":{"line":163,"column":25}},"loc":{"start":{"line":163,"column":28},"end":{"line":163,"column":54}}},"14":{"name":"(anonymous_23)","decl":{"start":{"line":163,"column":44},"end":{"line":163,"column":45}},"loc":{"start":{"line":163,"column":51},"end":{"line":163,"column":53}}},"15":{"name":"(anonymous_24)","decl":{"start":{"line":172,"column":22},"end":{"line":172,"column":25}},"loc":{"start":{"line":172,"column":28},"end":{"line":172,"column":54}}},"16":{"name":"(anonymous_25)","decl":{"start":{"line":172,"column":44},"end":{"line":172,"column":45}},"loc":{"start":{"line":172,"column":51},"end":{"line":172,"column":53}}},"17":{"name":"(anonymous_26)","decl":{"start":{"line":181,"column":22},"end":{"line":181,"column":25}},"loc":{"start":{"line":181,"column":28},"end":{"line":181,"column":54}}},"18":{"name":"(anonymous_27)","decl":{"start":{"line":181,"column":44},"end":{"line":181,"column":45}},"loc":{"start":{"line":181,"column":51},"end":{"line":181,"column":53}}},"19":{"name":"(anonymous_28)","decl":{"start":{"line":217,"column":22},"end":{"line":217,"column":25}},"loc":{"start":{"line":217,"column":28},"end":{"line":217,"column":59}}},"20":{"name":"(anonymous_29)","decl":{"start":{"line":217,"column":49},"end":{"line":217,"column":50}},"loc":{"start":{"line":217,"column":56},"end":{"line":217,"column":58}}},"21":{"name":"(anonymous_30)","decl":{"start":{"line":226,"column":22},"end":{"line":226,"column":25}},"loc":{"start":{"line":226,"column":28},"end":{"line":226,"column":57}}},"22":{"name":"(anonymous_31)","decl":{"start":{"line":226,"column":47},"end":{"line":226,"column":48}},"loc":{"start":{"line":226,"column":54},"end":{"line":226,"column":56}}},"23":{"name":"(anonymous_32)","decl":{"start":{"line":235,"column":22},"end":{"line":235,"column":25}},"loc":{"start":{"line":235,"column":28},"end":{"line":235,"column":55}}},"24":{"name":"(anonymous_33)","decl":{"start":{"line":235,"column":45},"end":{"line":235,"column":46}},"loc":{"start":{"line":235,"column":52},"end":{"line":235,"column":54}}},"25":{"name":"(anonymous_34)","decl":{"start":{"line":244,"column":22},"end":{"line":244,"column":23}},"loc":{"start":{"line":244,"column":29},"end":{"line":244,"column":53}}},"26":{"name":"(anonymous_35)","decl":{"start":{"line":260,"column":22},"end":{"line":260,"column":25}},"loc":{"start":{"line":260,"column":28},"end":{"line":260,"column":48}}},"27":{"name":"(anonymous_36)","decl":{"start":{"line":260,"column":38},"end":{"line":260,"column":39}},"loc":{"start":{"line":260,"column":45},"end":{"line":260,"column":47}}},"28":{"name":"(anonymous_37)","decl":{"start":{"line":269,"column":22},"end":{"line":269,"column":25}},"loc":{"start":{"line":269,"column":28},"end":{"line":269,"column":52}}},"29":{"name":"(anonymous_38)","decl":{"start":{"line":269,"column":42},"end":{"line":269,"column":43}},"loc":{"start":{"line":269,"column":49},"end":{"line":269,"column":51}}},"30":{"name":"(anonymous_39)","decl":{"start":{"line":283,"column":23},"end":{"line":283,"column":26}},"loc":{"start":{"line":283,"column":29},"end":{"line":283,"column":50}}},"31":{"name":"(anonymous_40)","decl":{"start":{"line":309,"column":21},"end":{"line":309,"column":24}},"loc":{"start":{"line":309,"column":27},"end":{"line":309,"column":47}}},"32":{"name":"(anonymous_41)","decl":{"start":{"line":323,"column":19},"end":{"line":323,"column":22}},"loc":{"start":{"line":323,"column":25},"end":{"line":323,"column":47}}},"33":{"name":"(anonymous_42)","decl":{"start":{"line":325,"column":46},"end":{"line":325,"column":47}},"loc":{"start":{"line":325,"column":53},"end":{"line":325,"column":72}}},"34":{"name":"(anonymous_43)","decl":{"start":{"line":331,"column":25},"end":{"line":331,"column":28}},"loc":{"start":{"line":331,"column":31},"end":{"line":331,"column":53}}},"35":{"name":"(anonymous_44)","decl":{"start":{"line":340,"column":31},"end":{"line":340,"column":32}},"loc":{"start":{"line":341,"column":18},"end":{"line":342,"column":null}}}},"branchMap":{"0":{"loc":{"start":{"line":32,"column":23},"end":{"line":32,"column":63}},"type":"cond-expr","locations":[{"start":{"line":32,"column":37},"end":{"line":32,"column":52}},{"start":{"line":32,"column":55},"end":{"line":32,"column":63}}]},"1":{"loc":{"start":{"line":52,"column":18},"end":{"line":52,"column":39}},"type":"binary-expr","locations":[{"start":{"line":52,"column":18},"end":{"line":52,"column":31}},{"start":{"line":52,"column":35},"end":{"line":52,"column":39}}]},"2":{"loc":{"start":{"line":53,"column":19},"end":{"line":53,"column":42}},"type":"binary-expr","locations":[{"start":{"line":53,"column":19},"end":{"line":53,"column":33}},{"start":{"line":53,"column":37},"end":{"line":53,"column":42}}]},"3":{"loc":{"start":{"line":59,"column":9},"end":{"line":59,"column":72}},"type":"cond-expr","locations":[{"start":{"line":59,"column":22},"end":{"line":59,"column":65}},{"start":{"line":59,"column":68},"end":{"line":59,"column":72}}]},"4":{"loc":{"start":{"line":64,"column":19},"end":{"line":64,"column":61}},"type":"cond-expr","locations":[{"start":{"line":64,"column":33},"end":{"line":64,"column":47}},{"start":{"line":64,"column":50},"end":{"line":64,"column":61}}]},"5":{"loc":{"start":{"line":68,"column":9},"end":{"line":68,"column":41}},"type":"cond-expr","locations":[{"start":{"line":68,"column":23},"end":{"line":68,"column":30}},{"start":{"line":68,"column":33},"end":{"line":68,"column":41}}]},"6":{"loc":{"start":{"line":116,"column":4},"end":{"line":116,"column":30}},"type":"if","locations":[{"start":{"line":116,"column":4},"end":{"line":116,"column":30}}]},"7":{"loc":{"start":{"line":119,"column":6},"end":{"line":119,"column":53}},"type":"if","locations":[{"start":{"line":119,"column":6},"end":{"line":119,"column":53}}]},"8":{"loc":{"start":{"line":317,"column":7},"end":{"line":358,"column":14}},"type":"cond-expr","locations":[{"start":{"line":318,"column":8},"end":{"line":356,"column":null}},{"start":{"line":358,"column":10},"end":{"line":358,"column":14}}]}},"s":{"0":2,"1":2,"2":2,"3":2,"4":60,"5":60,"6":180,"7":2,"8":150,"9":150,"10":150,"11":15,"12":15,"13":15,"14":2,"15":15,"16":15,"17":15,"18":15,"19":15,"20":15,"21":15,"22":15,"23":15,"24":15,"25":15,"26":15,"27":15,"28":2,"29":15,"30":4,"31":3,"32":1,"33":0,"34":0,"35":1,"36":1,"37":1,"38":15,"39":1,"40":1,"41":0,"42":1,"43":1,"44":1,"45":1,"46":1,"47":1,"48":1,"49":1,"50":1,"51":1,"52":1,"53":1,"54":0,"55":1,"56":1,"57":1,"58":1,"59":1,"60":0,"61":0,"62":1,"63":1,"64":10},"f":{"0":60,"1":180,"2":2,"3":150,"4":15,"5":2,"6":2,"7":4,"8":0,"9":1,"10":1,"11":1,"12":0,"13":1,"14":1,"15":1,"16":1,"17":1,"18":1,"19":1,"20":1,"21":1,"22":1,"23":1,"24":1,"25":0,"26":1,"27":1,"28":1,"29":1,"30":1,"31":0,"32":0,"33":1,"34":1,"35":10},"b":{"0":[60,120],"1":[150,0],"2":[150,0],"3":[150,0],"4":[55,95],"5":[55,95],"6":[3],"7":[0],"8":[1,14]}}
,"C:\\Users\\ade_f\\OneDrive\\Documents\\UMGC\\FIFTH SEMESTER\\SWEN 661 9040 USER INTERFACE IMPLEMENTATION\\swen-661-careconnect-low-vision\\electron\\src\\ui\\pages\\TaskDetailsPage.tsx": {"path":"C:\\Users\\ade_f\\OneDrive\\Documents\\UMGC\\FIFTH SEMESTER\\SWEN 661 9040 USER INTERFACE IMPLEMENTATION\\swen-661-careconnect-low-vision\\electron\\src\\ui\\pages\\TaskDetailsPage.tsx","statementMap":{"0":{"start":{"line":44,"column":0},"end":{"line":44,"column":24}},"1":{"start":{"line":3,"column":0},"end":{"line":3,"column":26}},"2":{"start":{"line":4,"column":0},"end":{"line":4,"column":58}},"3":{"start":{"line":5,"column":0},"end":{"line":5,"column":51}},"4":{"start":{"line":23,"column":4},"end":{"line":38,"column":2}},"5":{"start":{"line":41,"column":2},"end":{"line":41,"column":85}},"6":{"start":{"line":45,"column":14},"end":{"line":45,"column":27}},"7":{"start":{"line":46,"column":17},"end":{"line":46,"column":28}},"8":{"start":{"line":48,"column":17},"end":{"line":48,"column":44}},"9":{"start":{"line":49,"column":15},"end":{"line":49,"column":49}},"10":{"start":{"line":52,"column":40},"end":{"line":52,"column":55}},"11":{"start":{"line":53,"column":42},"end":{"line":53,"column":71}},"12":{"start":{"line":54,"column":28},"end":{"line":54,"column":78}},"13":{"start":{"line":54,"column":53},"end":{"line":54,"column":77}},"14":{"start":{"line":55,"column":32},"end":{"line":55,"column":96}},"15":{"start":{"line":55,"column":83},"end":{"line":55,"column":95}},"16":{"start":{"line":57,"column":14},"end":{"line":57,"column":24}},"17":{"start":{"line":58,"column":24},"end":{"line":58,"column":78}},"18":{"start":{"line":60,"column":21},"end":{"line":64,"column":23}},"19":{"start":{"line":66,"column":25},"end":{"line":75,"column":3}},"20":{"start":{"line":67,"column":4},"end":{"line":67,"column":28}},"21":{"start":{"line":67,"column":21},"end":{"line":67,"column":28}},"22":{"start":{"line":68,"column":4},"end":{"line":68,"column":25}},"23":{"start":{"line":69,"column":4},"end":{"line":69,"column":26}},"24":{"start":{"line":70,"column":4},"end":{"line":73,"column":7}},"25":{"start":{"line":70,"column":25},"end":{"line":73,"column":6}},"26":{"start":{"line":74,"column":4},"end":{"line":74,"column":45}},"27":{"start":{"line":77,"column":23},"end":{"line":89,"column":3}},"28":{"start":{"line":78,"column":4},"end":{"line":81,"column":5}},"29":{"start":{"line":79,"column":6},"end":{"line":79,"column":54}},"30":{"start":{"line":80,"column":6},"end":{"line":80,"column":13}},"31":{"start":{"line":82,"column":18},"end":{"line":82,"column":50}},"32":{"start":{"line":83,"column":4},"end":{"line":83,"column":27}},"33":{"start":{"line":84,"column":4},"end":{"line":87,"column":7}},"34":{"start":{"line":84,"column":25},"end":{"line":87,"column":6}},"35":{"start":{"line":88,"column":4},"end":{"line":88,"column":57}},"36":{"start":{"line":91,"column":24},"end":{"line":100,"column":3}},"37":{"start":{"line":92,"column":17},"end":{"line":92,"column":59}},"38":{"start":{"line":93,"column":4},"end":{"line":93,"column":22}},"39":{"start":{"line":93,"column":15},"end":{"line":93,"column":22}},"40":{"start":{"line":94,"column":4},"end":{"line":94,"column":40}},"41":{"start":{"line":94,"column":23},"end":{"line":94,"column":38}},"42":{"start":{"line":95,"column":4},"end":{"line":98,"column":7}},"43":{"start":{"line":95,"column":25},"end":{"line":98,"column":6}},"44":{"start":{"line":99,"column":4},"end":{"line":99,"column":32}},"45":{"start":{"line":102,"column":2},"end":{"line":205,"column":4}},"46":{"start":{"line":105,"column":53},"end":{"line":105,"column":66}},"47":{"start":{"line":145,"column":16},"end":{"line":145,"column":41}},"48":{"start":{"line":172,"column":31},"end":{"line":172,"column":47}},"49":{"start":{"line":195,"column":16},"end":{"line":195,"column":51}}},"fnMap":{"0":{"name":"timeLabel","decl":{"start":{"line":40,"column":9},"end":{"line":40,"column":18}},"loc":{"start":{"line":40,"column":29},"end":{"line":42,"column":1}}},"1":{"name":"TaskDetailsPage","decl":{"start":{"line":44,"column":24},"end":{"line":44,"column":39}},"loc":{"start":{"line":44,"column":52},"end":{"line":206,"column":1}}},"2":{"name":"(anonymous_3)","decl":{"start":{"line":54,"column":47},"end":{"line":54,"column":50}},"loc":{"start":{"line":54,"column":53},"end":{"line":54,"column":77}}},"3":{"name":"(anonymous_4)","decl":{"start":{"line":55,"column":77},"end":{"line":55,"column":80}},"loc":{"start":{"line":55,"column":83},"end":{"line":55,"column":95}}},"4":{"name":"(anonymous_5)","decl":{"start":{"line":66,"column":25},"end":{"line":66,"column":28}},"loc":{"start":{"line":66,"column":30},"end":{"line":75,"column":3}}},"5":{"name":"(anonymous_6)","decl":{"start":{"line":70,"column":15},"end":{"line":70,"column":16}},"loc":{"start":{"line":70,"column":25},"end":{"line":73,"column":6}}},"6":{"name":"(anonymous_7)","decl":{"start":{"line":77,"column":23},"end":{"line":77,"column":24}},"loc":{"start":{"line":77,"column":40},"end":{"line":89,"column":3}}},"7":{"name":"(anonymous_8)","decl":{"start":{"line":84,"column":15},"end":{"line":84,"column":16}},"loc":{"start":{"line":84,"column":25},"end":{"line":87,"column":6}}},"8":{"name":"(anonymous_9)","decl":{"start":{"line":91,"column":24},"end":{"line":91,"column":27}},"loc":{"start":{"line":91,"column":29},"end":{"line":100,"column":3}}},"9":{"name":"(anonymous_10)","decl":{"start":{"line":94,"column":13},"end":{"line":94,"column":14}},"loc":{"start":{"line":94,"column":23},"end":{"line":94,"column":38}}},"10":{"name":"(anonymous_11)","decl":{"start":{"line":95,"column":15},"end":{"line":95,"column":16}},"loc":{"start":{"line":95,"column":25},"end":{"line":98,"column":6}}},"11":{"name":"(anonymous_12)","decl":{"start":{"line":105,"column":47},"end":{"line":105,"column":50}},"loc":{"start":{"line":105,"column":53},"end":{"line":105,"column":66}}},"12":{"name":"(anonymous_13)","decl":{"start":{"line":144,"column":25},"end":{"line":144,"column":26}},"loc":{"start":{"line":145,"column":16},"end":{"line":145,"column":41}}},"13":{"name":"(anonymous_14)","decl":{"start":{"line":172,"column":25},"end":{"line":172,"column":28}},"loc":{"start":{"line":172,"column":31},"end":{"line":172,"column":47}}},"14":{"name":"(anonymous_15)","decl":{"start":{"line":194,"column":27},"end":{"line":194,"column":28}},"loc":{"start":{"line":195,"column":16},"end":{"line":195,"column":51}}}},"branchMap":{"0":{"loc":{"start":{"line":48,"column":17},"end":{"line":48,"column":44}},"type":"binary-expr","locations":[{"start":{"line":48,"column":17},"end":{"line":48,"column":30}},{"start":{"line":48,"column":34},"end":{"line":48,"column":44}}]},"1":{"loc":{"start":{"line":49,"column":15},"end":{"line":49,"column":49}},"type":"binary-expr","locations":[{"start":{"line":49,"column":15},"end":{"line":49,"column":28}},{"start":{"line":49,"column":32},"end":{"line":49,"column":49}}]},"2":{"loc":{"start":{"line":58,"column":24},"end":{"line":58,"column":78}},"type":"binary-expr","locations":[{"start":{"line":58,"column":24},"end":{"line":58,"column":56}},{"start":{"line":58,"column":60},"end":{"line":58,"column":78}}]},"3":{"loc":{"start":{"line":60,"column":21},"end":{"line":64,"column":23}},"type":"cond-expr","locations":[{"start":{"line":61,"column":6},"end":{"line":61,"column":17}},{"start":{"line":62,"column":6},"end":{"line":64,"column":23}}]},"4":{"loc":{"start":{"line":62,"column":6},"end":{"line":64,"column":23}},"type":"cond-expr","locations":[{"start":{"line":63,"column":8},"end":{"line":63,"column":51}},{"start":{"line":64,"column":8},"end":{"line":64,"column":23}}]},"5":{"loc":{"start":{"line":67,"column":4},"end":{"line":67,"column":28}},"type":"if","locations":[{"start":{"line":67,"column":4},"end":{"line":67,"column":28}}]},"6":{"loc":{"start":{"line":77,"column":24},"end":{"line":77,"column":36}},"type":"default-arg","locations":[{"start":{"line":77,"column":34},"end":{"line":77,"column":36}}]},"7":{"loc":{"start":{"line":78,"column":4},"end":{"line":81,"column":5}},"type":"if","locations":[{"start":{"line":78,"column":4},"end":{"line":81,"column":5}}]},"8":{"loc":{"start":{"line":93,"column":4},"end":{"line":93,"column":22}},"type":"if","locations":[{"start":{"line":93,"column":4},"end":{"line":93,"column":22}}]},"9":{"loc":{"start":{"line":164,"column":23},"end":{"line":164,"column":77}},"type":"cond-expr","locations":[{"start":{"line":164,"column":37},"end":{"line":164,"column":56}},{"start":{"line":164,"column":59},"end":{"line":164,"column":77}}]},"10":{"loc":{"start":{"line":166,"column":17},"end":{"line":166,"column":63}},"type":"cond-expr","locations":[{"start":{"line":166,"column":31},"end":{"line":166,"column":42}},{"start":{"line":166,"column":45},"end":{"line":166,"column":63}}]},"11":{"loc":{"start":{"line":174,"column":23},"end":{"line":174,"column":91}},"type":"cond-expr","locations":[{"start":{"line":174,"column":37},"end":{"line":174,"column":69}},{"start":{"line":174,"column":72},"end":{"line":174,"column":91}}]}},"s":{"0":3,"1":3,"2":3,"3":3,"4":3,"5":0,"6":10,"7":8,"8":8,"9":8,"10":8,"11":0,"12":0,"13":0,"14":0,"15":0,"16":0,"17":0,"18":0,"19":0,"20":0,"21":0,"22":0,"23":0,"24":0,"25":0,"26":0,"27":0,"28":0,"29":0,"30":0,"31":0,"32":0,"33":0,"34":0,"35":0,"36":0,"37":0,"38":0,"39":0,"40":0,"41":0,"42":0,"43":0,"44":0,"45":0,"46":0,"47":0,"48":0,"49":0},"f":{"0":0,"1":10,"2":0,"3":0,"4":0,"5":0,"6":0,"7":0,"8":0,"9":0,"10":0,"11":0,"12":0,"13":0,"14":0},"b":{"0":[8,8],"1":[8,0],"2":[0,0],"3":[0,0],"4":[0,0],"5":[0],"6":[0],"7":[0],"8":[0],"9":[0,0],"10":[0,0],"11":[0,0]}}
,"C:\\Users\\ade_f\\OneDrive\\Documents\\UMGC\\FIFTH SEMESTER\\SWEN 661 9040 USER INTERFACE IMPLEMENTATION\\swen-661-careconnect-low-vision\\electron\\src\\ui\\pages\\TasksPage.tsx": {"path":"C:\\Users\\ade_f\\OneDrive\\Documents\\UMGC\\FIFTH SEMESTER\\SWEN 661 9040 USER INTERFACE IMPLEMENTATION\\swen-661-careconnect-low-vision\\electron\\src\\ui\\pages\\TasksPage.tsx","statementMap":{"0":{"start":{"line":17,"column":0},"end":{"line":17,"column":24}},"1":{"start":{"line":1,"column":0},"end":{"line":1,"column":49}},"2":{"start":{"line":2,"column":0},"end":{"line":2,"column":47}},"3":{"start":{"line":3,"column":0},"end":{"line":3,"column":51}},"4":{"start":{"line":18,"column":19},"end":{"line":18,"column":32}},"5":{"start":{"line":19,"column":30},"end":{"line":19,"column":89}},"6":{"start":{"line":20,"column":42},"end":{"line":20,"column":79}},"7":{"start":{"line":21,"column":42},"end":{"line":21,"column":78}},"8":{"start":{"line":23,"column":25},"end":{"line":30,"column":3}},"9":{"start":{"line":24,"column":4},"end":{"line":24,"column":57}},"10":{"start":{"line":24,"column":31},"end":{"line":24,"column":54}},"11":{"start":{"line":25,"column":4},"end":{"line":29,"column":7}},"12":{"start":{"line":26,"column":19},"end":{"line":26,"column":30}},"13":{"start":{"line":27,"column":6},"end":{"line":27,"column":22}},"14":{"start":{"line":28,"column":6},"end":{"line":28,"column":18}},"15":{"start":{"line":32,"column":23},"end":{"line":34,"column":3}},"16":{"start":{"line":33,"column":4},"end":{"line":33,"column":85}},"17":{"start":{"line":33,"column":31},"end":{"line":33,"column":82}},"18":{"start":{"line":35,"column":16},"end":{"line":87,"column":null}},"19":{"start":{"line":36,"column":10},"end":{"line":86,"column":null}},"20":{"start":{"line":90,"column":24},"end":{"line":108,"column":41}},"21":{"start":{"line":91,"column":16},"end":{"line":91,"column":26}},"22":{"start":{"line":93,"column":4},"end":{"line":107,"column":7}},"23":{"start":{"line":94,"column":26},"end":{"line":94,"column":75}},"24":{"start":{"line":95,"column":20},"end":{"line":95,"column":38}},"25":{"start":{"line":96,"column":24},"end":{"line":96,"column":64}},"26":{"start":{"line":98,"column":47},"end":{"line":98,"column":84}},"27":{"start":{"line":100,"column":31},"end":{"line":104,"column":22}},"28":{"start":{"line":106,"column":6},"end":{"line":106,"column":76}},"29":{"start":{"line":110,"column":16},"end":{"line":113,"column":29}},"30":{"start":{"line":111,"column":4},"end":{"line":111,"column":47}},"31":{"start":{"line":111,"column":26},"end":{"line":111,"column":47}},"32":{"start":{"line":112,"column":4},"end":{"line":112,"column":61}},"33":{"start":{"line":112,"column":39},"end":{"line":112,"column":59}},"34":{"start":{"line":115,"column":16},"end":{"line":115,"column":58}},"35":{"start":{"line":115,"column":36},"end":{"line":115,"column":57}},"36":{"start":{"line":116,"column":19},"end":{"line":116,"column":64}},"37":{"start":{"line":116,"column":39},"end":{"line":116,"column":63}},"38":{"start":{"line":117,"column":20},"end":{"line":117,"column":66}},"39":{"start":{"line":117,"column":40},"end":{"line":117,"column":65}},"40":{"start":{"line":119,"column":2},"end":{"line":210,"column":4}},"41":{"start":{"line":132,"column":14},"end":{"line":133,"column":null}},"42":{"start":{"line":135,"column":30},"end":{"line":135,"column":56}},"43":{"start":{"line":136,"column":34},"end":{"line":136,"column":54}},"44":{"start":{"line":137,"column":32},"end":{"line":137,"column":54}},"45":{"start":{"line":149,"column":14},"end":{"line":150,"column":null}},"46":{"start":{"line":152,"column":30},"end":{"line":152,"column":56}},"47":{"start":{"line":153,"column":34},"end":{"line":153,"column":54}},"48":{"start":{"line":154,"column":32},"end":{"line":154,"column":54}},"49":{"start":{"line":166,"column":14},"end":{"line":166,"column":39}},"50":{"start":{"line":166,"column":62},"end":{"line":166,"column":88}},"51":{"start":{"line":181,"column":83},"end":{"line":181,"column":99}},"52":{"start":{"line":182,"column":81},"end":{"line":182,"column":99}},"53":{"start":{"line":183,"column":87},"end":{"line":183,"column":108}},"54":{"start":{"line":184,"column":89},"end":{"line":184,"column":111}},"55":{"start":{"line":221,"column":2},"end":{"line":253,"column":4}},"56":{"start":{"line":233,"column":12},"end":{"line":233,"column":31}},"57":{"start":{"line":234,"column":12},"end":{"line":234,"column":32}},"58":{"start":{"line":235,"column":12},"end":{"line":235,"column":31}},"59":{"start":{"line":244,"column":12},"end":{"line":244,"column":31}},"60":{"start":{"line":245,"column":12},"end":{"line":245,"column":32}},"61":{"start":{"line":246,"column":12},"end":{"line":246,"column":29}},"62":{"start":{"line":257,"column":2},"end":{"line":270,"column":4}},"63":{"start":{"line":274,"column":2},"end":{"line":274,"column":55}},"64":{"start":{"line":278,"column":2},"end":{"line":282,"column":4}}},"fnMap":{"0":{"name":"TasksPage","decl":{"start":{"line":17,"column":24},"end":{"line":17,"column":33}},"loc":{"start":{"line":17,"column":46},"end":{"line":211,"column":1}}},"1":{"name":"(anonymous_10)","decl":{"start":{"line":23,"column":25},"end":{"line":23,"column":26}},"loc":{"start":{"line":23,"column":40},"end":{"line":30,"column":3}}},"2":{"name":"(anonymous_11)","decl":{"start":{"line":24,"column":20},"end":{"line":24,"column":21}},"loc":{"start":{"line":24,"column":31},"end":{"line":24,"column":54}}},"3":{"name":"(anonymous_12)","decl":{"start":{"line":25,"column":20},"end":{"line":25,"column":21}},"loc":{"start":{"line":25,"column":29},"end":{"line":29,"column":5}}},"4":{"name":"(anonymous_13)","decl":{"start":{"line":32,"column":23},"end":{"line":32,"column":24}},"loc":{"start":{"line":32,"column":52},"end":{"line":34,"column":3}}},"5":{"name":"(anonymous_14)","decl":{"start":{"line":33,"column":20},"end":{"line":33,"column":21}},"loc":{"start":{"line":33,"column":31},"end":{"line":33,"column":82}}},"6":{"name":"(anonymous_15)","decl":{"start":{"line":36,"column":4},"end":{"line":36,"column":7}},"loc":{"start":{"line":36,"column":10},"end":{"line":86,"column":null}}},"7":{"name":"(anonymous_16)","decl":{"start":{"line":90,"column":32},"end":{"line":90,"column":35}},"loc":{"start":{"line":90,"column":37},"end":{"line":108,"column":3}}},"8":{"name":"(anonymous_17)","decl":{"start":{"line":93,"column":21},"end":{"line":93,"column":22}},"loc":{"start":{"line":93,"column":27},"end":{"line":107,"column":5}}},"9":{"name":"(anonymous_18)","decl":{"start":{"line":110,"column":24},"end":{"line":110,"column":27}},"loc":{"start":{"line":110,"column":29},"end":{"line":113,"column":3}}},"10":{"name":"(anonymous_19)","decl":{"start":{"line":112,"column":32},"end":{"line":112,"column":33}},"loc":{"start":{"line":112,"column":39},"end":{"line":112,"column":59}}},"11":{"name":"(anonymous_20)","decl":{"start":{"line":115,"column":29},"end":{"line":115,"column":30}},"loc":{"start":{"line":115,"column":36},"end":{"line":115,"column":57}}},"12":{"name":"(anonymous_21)","decl":{"start":{"line":116,"column":32},"end":{"line":116,"column":33}},"loc":{"start":{"line":116,"column":39},"end":{"line":116,"column":63}}},"13":{"name":"(anonymous_22)","decl":{"start":{"line":117,"column":33},"end":{"line":117,"column":34}},"loc":{"start":{"line":117,"column":40},"end":{"line":117,"column":65}}},"14":{"name":"(anonymous_23)","decl":{"start":{"line":131,"column":23},"end":{"line":131,"column":24}},"loc":{"start":{"line":132,"column":14},"end":{"line":133,"column":null}}},"15":{"name":"(anonymous_24)","decl":{"start":{"line":135,"column":24},"end":{"line":135,"column":27}},"loc":{"start":{"line":135,"column":30},"end":{"line":135,"column":56}}},"16":{"name":"(anonymous_25)","decl":{"start":{"line":136,"column":28},"end":{"line":136,"column":31}},"loc":{"start":{"line":136,"column":34},"end":{"line":136,"column":54}}},"17":{"name":"(anonymous_26)","decl":{"start":{"line":137,"column":26},"end":{"line":137,"column":29}},"loc":{"start":{"line":137,"column":32},"end":{"line":137,"column":54}}},"18":{"name":"(anonymous_27)","decl":{"start":{"line":148,"column":26},"end":{"line":148,"column":27}},"loc":{"start":{"line":149,"column":14},"end":{"line":150,"column":null}}},"19":{"name":"(anonymous_28)","decl":{"start":{"line":152,"column":24},"end":{"line":152,"column":27}},"loc":{"start":{"line":152,"column":30},"end":{"line":152,"column":56}}},"20":{"name":"(anonymous_29)","decl":{"start":{"line":153,"column":28},"end":{"line":153,"column":31}},"loc":{"start":{"line":153,"column":34},"end":{"line":153,"column":54}}},"21":{"name":"(anonymous_30)","decl":{"start":{"line":154,"column":26},"end":{"line":154,"column":29}},"loc":{"start":{"line":154,"column":32},"end":{"line":154,"column":54}}},"22":{"name":"(anonymous_31)","decl":{"start":{"line":165,"column":27},"end":{"line":165,"column":28}},"loc":{"start":{"line":166,"column":14},"end":{"line":166,"column":39}}},"23":{"name":"(anonymous_32)","decl":{"start":{"line":166,"column":56},"end":{"line":166,"column":59}},"loc":{"start":{"line":166,"column":62},"end":{"line":166,"column":88}}},"24":{"name":"(anonymous_33)","decl":{"start":{"line":181,"column":77},"end":{"line":181,"column":80}},"loc":{"start":{"line":181,"column":83},"end":{"line":181,"column":99}}},"25":{"name":"(anonymous_34)","decl":{"start":{"line":182,"column":75},"end":{"line":182,"column":78}},"loc":{"start":{"line":182,"column":81},"end":{"line":182,"column":99}}},"26":{"name":"(anonymous_35)","decl":{"start":{"line":183,"column":81},"end":{"line":183,"column":84}},"loc":{"start":{"line":183,"column":87},"end":{"line":183,"column":108}}},"27":{"name":"(anonymous_36)","decl":{"start":{"line":184,"column":83},"end":{"line":184,"column":86}},"loc":{"start":{"line":184,"column":89},"end":{"line":184,"column":111}}},"28":{"name":"TaskRow","decl":{"start":{"line":213,"column":9},"end":{"line":213,"column":16}},"loc":{"start":{"line":220,"column":1},"end":{"line":254,"column":1}}},"29":{"name":"(anonymous_38)","decl":{"start":{"line":232,"column":19},"end":{"line":232,"column":20}},"loc":{"start":{"line":232,"column":25},"end":{"line":236,"column":11}}},"30":{"name":"(anonymous_39)","decl":{"start":{"line":243,"column":19},"end":{"line":243,"column":20}},"loc":{"start":{"line":243,"column":25},"end":{"line":247,"column":11}}},"31":{"name":"CompletedRow","decl":{"start":{"line":256,"column":9},"end":{"line":256,"column":21}},"loc":{"start":{"line":256,"column":63},"end":{"line":271,"column":1}}},"32":{"name":"EmptyRow","decl":{"start":{"line":273,"column":9},"end":{"line":273,"column":17}},"loc":{"start":{"line":273,"column":42},"end":{"line":275,"column":1}}},"33":{"name":"SideItem","decl":{"start":{"line":277,"column":9},"end":{"line":277,"column":17}},"loc":{"start":{"line":277,"column":80},"end":{"line":283,"column":1}}}},"branchMap":{"0":{"loc":{"start":{"line":32,"column":36},"end":{"line":32,"column":48}},"type":"default-arg","locations":[{"start":{"line":32,"column":46},"end":{"line":32,"column":48}}]},"1":{"loc":{"start":{"line":94,"column":26},"end":{"line":94,"column":75}},"type":"binary-expr","locations":[{"start":{"line":94,"column":26},"end":{"line":94,"column":46}},{"start":{"line":94,"column":50},"end":{"line":94,"column":75}}]},"2":{"loc":{"start":{"line":96,"column":24},"end":{"line":96,"column":64}},"type":"binary-expr","locations":[{"start":{"line":96,"column":24},"end":{"line":96,"column":49}},{"start":{"line":96,"column":53},"end":{"line":96,"column":64}}]},"3":{"loc":{"start":{"line":98,"column":47},"end":{"line":98,"column":84}},"type":"cond-expr","locations":[{"start":{"line":98,"column":61},"end":{"line":98,"column":72}},{"start":{"line":98,"column":75},"end":{"line":98,"column":84}}]},"4":{"loc":{"start":{"line":100,"column":31},"end":{"line":104,"column":22}},"type":"cond-expr","locations":[{"start":{"line":101,"column":10},"end":{"line":101,"column":32}},{"start":{"line":102,"column":10},"end":{"line":104,"column":22}}]},"5":{"loc":{"start":{"line":102,"column":10},"end":{"line":104,"column":22}},"type":"cond-expr","locations":[{"start":{"line":103,"column":12},"end":{"line":103,"column":111}},{"start":{"line":104,"column":12},"end":{"line":104,"column":22}}]},"6":{"loc":{"start":{"line":111,"column":4},"end":{"line":111,"column":47}},"type":"if","locations":[{"start":{"line":111,"column":4},"end":{"line":111,"column":47}}]},"7":{"loc":{"start":{"line":142,"column":13},"end":{"line":142,"column":81}},"type":"binary-expr","locations":[{"start":{"line":142,"column":13},"end":{"line":142,"column":31}},{"start":{"line":142,"column":35},"end":{"line":142,"column":81}}]},"8":{"loc":{"start":{"line":159,"column":13},"end":{"line":159,"column":84}},"type":"binary-expr","locations":[{"start":{"line":159,"column":13},"end":{"line":159,"column":34}},{"start":{"line":159,"column":38},"end":{"line":159,"column":84}}]},"9":{"loc":{"start":{"line":168,"column":13},"end":{"line":168,"column":85}},"type":"binary-expr","locations":[{"start":{"line":168,"column":13},"end":{"line":168,"column":35}},{"start":{"line":168,"column":39},"end":{"line":168,"column":85}}]},"10":{"loc":{"start":{"line":279,"column":23},"end":{"line":279,"column":68}},"type":"cond-expr","locations":[{"start":{"line":279,"column":38},"end":{"line":279,"column":55}},{"start":{"line":279,"column":58},"end":{"line":279,"column":68}}]}},"s":{"0":2,"1":2,"2":2,"3":2,"4":1,"5":1,"6":1,"7":1,"8":1,"9":0,"10":0,"11":0,"12":0,"13":0,"14":0,"15":1,"16":0,"17":0,"18":1,"19":1,"20":1,"21":1,"22":1,"23":7,"24":7,"25":7,"26":7,"27":7,"28":7,"29":1,"30":1,"31":1,"32":0,"33":0,"34":1,"35":7,"36":1,"37":7,"38":1,"39":7,"40":1,"41":3,"42":0,"43":0,"44":0,"45":3,"46":0,"47":0,"48":0,"49":1,"50":0,"51":0,"52":0,"53":0,"54":0,"55":6,"56":0,"57":0,"58":0,"59":0,"60":0,"61":0,"62":1,"63":0,"64":4},"f":{"0":1,"1":0,"2":0,"3":0,"4":0,"5":0,"6":1,"7":1,"8":7,"9":1,"10":0,"11":7,"12":7,"13":7,"14":3,"15":0,"16":0,"17":0,"18":3,"19":0,"20":0,"21":0,"22":1,"23":0,"24":0,"25":0,"26":0,"27":0,"28":6,"29":0,"30":0,"31":1,"32":0,"33":4},"b":{"0":[0],"1":[7,7],"2":[7,0],"3":[1,6],"4":[1,6],"5":[0,6],"6":[1],"7":[1,0],"8":[1,0],"9":[1,0],"10":[1,3]}}
}
