TN:
SF:src\main.tsx
FNF:0
FNH:0
DA:1,1
DA:3,1
DA:5,1
DA:6,0
DA:16,0
LF:5
LH:3
BRF:0
BRH:0
end_of_record
TN:
SF:src\ui\App.tsx
FN:32,App
FN:38,(anonymous_11)
FN:56,(anonymous_12)
FN:58,(anonymous_13)
FN:60,(anonymous_14)
FN:64,(anonymous_15)
FN:68,(anonymous_16)
FN:74,(anonymous_17)
FN:77,(anonymous_18)
FN:80,(anonymous_19)
FN:101,(anonymous_20)
FN:123,(anonymous_21)
FN:123,(anonymous_22)
FN:124,(anonymous_23)
FN:124,(anonymous_24)
FN:125,(anonymous_25)
FN:126,(anonymous_26)
FN:134,(anonymous_27)
FN:141,(anonymous_28)
FN:158,(anonymous_29)
FN:159,(anonymous_30)
FN:160,(anonymous_31)
FN:169,(anonymous_32)
FN:170,(anonymous_33)
FN:179,(anonymous_34)
FN:180,(anonymous_35)
FN:192,(anonymous_36)
FN:192,(anonymous_37)
FN:207,(anonymous_38)
FN:207,(anonymous_39)
FN:208,(anonymous_40)
FN:208,(anonymous_41)
FNF:32
FNH:7
FNDA:3,App
FNDA:2,(anonymous_11)
FNDA:1,(anonymous_12)
FNDA:0,(anonymous_13)
FNDA:2,(anonymous_14)
FNDA:2,(anonymous_15)
FNDA:0,(anonymous_16)
FNDA:0,(anonymous_17)
FNDA:0,(anonymous_18)
FNDA:0,(anonymous_19)
FNDA:2,(anonymous_20)
FNDA:0,(anonymous_21)
FNDA:0,(anonymous_22)
FNDA:0,(anonymous_23)
FNDA:0,(anonymous_24)
FNDA:0,(anonymous_25)
FNDA:0,(anonymous_26)
FNDA:0,(anonymous_27)
FNDA:6,(anonymous_28)
FNDA:0,(anonymous_29)
FNDA:0,(anonymous_30)
FNDA:0,(anonymous_31)
FNDA:0,(anonymous_32)
FNDA:0,(anonymous_33)
FNDA:0,(anonymous_34)
FNDA:0,(anonymous_35)
FNDA:0,(anonymous_36)
FNDA:0,(anonymous_37)
FNDA:0,(anonymous_38)
FNDA:0,(anonymous_39)
FNDA:0,(anonymous_40)
FNDA:0,(anonymous_41)
DA:1,2
DA:2,2
DA:3,2
DA:4,2
DA:5,2
DA:6,2
DA:7,1
DA:8,1
DA:9,1
DA:10,1
DA:11,1
DA:12,1
DA:13,1
DA:14,1
DA:15,1
DA:16,1
DA:17,1
DA:18,1
DA:32,2
DA:33,3
DA:34,3
DA:35,3
DA:38,3
DA:39,2
DA:40,2
DA:49,3
DA:50,3
DA:51,3
DA:53,3
DA:54,3
DA:56,3
DA:58,3
DA:60,3
DA:62,2
DA:64,2
DA:65,2
DA:68,2
DA:69,0
DA:72,0
DA:74,0
DA:75,0
DA:77,0
DA:78,0
DA:80,0
DA:81,0
DA:83,0
DA:86,0
DA:88,0
DA:89,0
DA:91,0
DA:94,0
DA:96,0
DA:97,0
DA:101,2
DA:102,2
DA:103,2
DA:107,3
DA:123,0
DA:124,0
DA:125,0
DA:126,0
DA:134,0
DA:142,6
DA:158,0
DA:159,0
DA:160,0
DA:169,0
DA:170,0
DA:179,0
DA:180,0
DA:192,0
DA:207,0
DA:208,0
LF:73
LH:42
BRDA:41,0,0,2
BRDA:41,0,1,2
BRDA:41,0,2,2
BRDA:41,0,3,2
BRDA:41,0,4,2
BRDA:69,1,0,0
BRDA:69,1,1,0
BRDA:69,1,2,0
BRDA:69,1,3,0
BRDA:69,1,4,0
BRDA:69,1,5,0
BRDA:69,1,6,0
BRDA:69,1,7,0
BRDA:109,2,0,3
BRDA:109,2,1,0
BRDA:119,3,0,3
BRDA:119,3,1,3
BRDA:131,4,0,3
BRDA:131,4,1,3
BRDA:145,5,0,0
BRDA:145,5,1,3
BRDA:241,6,0,3
BRDA:241,6,1,3
BRF:23
BRH:13
end_of_record
TN:
SF:src\ui\cc.ts
FN:1,cc
FNF:1
FNH:1
FNDA:2,cc
DA:1,2
DA:2,2
DA:3,2
DA:4,1
DA:6,1
LF:5
LH:5
BRDA:3,0,0,1
BRF:1
BRH:1
end_of_record
TN:
SF:src\ui\components\ScrollToTop.tsx
FN:8,ScrollToTop
FN:11,(anonymous_1)
FNF:2
FNH:2
FNDA:3,ScrollToTop
FNDA:2,(anonymous_1)
DA:1,2
DA:2,2
DA:8,2
DA:9,3
DA:11,3
DA:12,2
DA:14,2
DA:15,2
DA:16,2
DA:19,0
DA:22,3
LF:11
LH:10
BRDA:14,0,0,2
BRF:1
BRH:1
end_of_record
TN:
SF:src\ui\components\uiPieces.tsx
FN:4,(anonymous_1)
FN:13,(anonymous_2)
FN:17,(anonymous_3)
FN:22,(anonymous_4)
FN:28,(anonymous_5)
FNF:5
FNH:5
FNDA:3,(anonymous_1)
FNDA:4,(anonymous_2)
FNDA:1,(anonymous_3)
FNDA:3,(anonymous_4)
FNDA:7,(anonymous_5)
DA:1,8
DA:4,8
DA:5,3
DA:13,8
DA:14,4
DA:17,1
DA:22,8
DA:23,3
DA:28,8
DA:29,7
LF:10
LH:10
BRF:0
BRH:0
end_of_record
TN:
SF:src\ui\pages\AppointmentDetailsPage.tsx
FN:26,AppointmentDetailsPage
FN:30,(anonymous_10)
FN:66,(anonymous_11)
FN:115,(anonymous_12)
FN:127,(anonymous_13)
FN:130,(anonymous_14)
FN:133,(anonymous_15)
FN:145,(anonymous_16)
FNF:8
FNH:4
FNDA:1,AppointmentDetailsPage
FNDA:1,(anonymous_10)
FNDA:0,(anonymous_11)
FNDA:4,(anonymous_12)
FNDA:0,(anonymous_13)
FNDA:0,(anonymous_14)
FNDA:0,(anonymous_15)
FNDA:3,(anonymous_16)
DA:1,3
DA:2,3
DA:3,3
DA:26,3
DA:27,1
DA:28,1
DA:30,1
DA:32,1
DA:59,1
DA:66,0
DA:116,4
DA:146,3
LF:12
LH:11
BRDA:33,0,0,1
BRDA:33,0,1,1
BRF:2
BRH:2
end_of_record
TN:
SF:src\ui\pages\AppointmentsPage.tsx
FN:17,AppointmentsPage
FN:21,(anonymous_10)
FN:68,(anonymous_11)
FN:72,(anonymous_12)
FN:80,AppointmentRow
FNF:5
FNH:4
FNDA:1,AppointmentsPage
FNDA:1,(anonymous_10)
FNDA:5,(anonymous_11)
FNDA:0,(anonymous_12)
FNDA:5,AppointmentRow
DA:1,2
DA:2,2
DA:3,2
DA:17,2
DA:18,1
DA:20,1
DA:21,1
DA:61,1
DA:69,5
DA:72,0
DA:81,5
DA:83,5
LF:12
LH:11
BRF:0
BRH:0
end_of_record
TN:
SF:src\ui\pages\CreateAccountPage.tsx
FN:10,CreateAccountPage
FN:28,(anonymous_10)
FN:50,onSubmit
FN:56,(anonymous_12)
FN:104,(anonymous_13)
FN:122,(anonymous_14)
FN:139,(anonymous_15)
FN:148,(anonymous_16)
FN:148,(anonymous_17)
FN:192,(anonymous_18)
FN:202,(anonymous_19)
FN:202,(anonymous_20)
FN:227,(anonymous_21)
FNF:13
FNH:2
FNDA:2,CreateAccountPage
FNDA:2,(anonymous_10)
FNDA:0,onSubmit
FNDA:0,(anonymous_12)
FNDA:0,(anonymous_13)
FNDA:0,(anonymous_14)
FNDA:0,(anonymous_15)
FNDA:0,(anonymous_16)
FNDA:0,(anonymous_17)
FNDA:0,(anonymous_18)
FNDA:0,(anonymous_19)
FNDA:0,(anonymous_20)
FNDA:0,(anonymous_21)
DA:1,3
DA:2,3
DA:10,3
DA:11,2
DA:13,2
DA:14,2
DA:15,2
DA:16,2
DA:18,2
DA:20,2
DA:21,2
DA:22,2
DA:23,2
DA:24,2
DA:25,2
DA:26,2
DA:28,2
DA:29,2
DA:32,2
DA:33,2
DA:34,2
DA:35,2
DA:37,2
DA:40,2
DA:51,0
DA:52,0
DA:53,0
DA:56,2
DA:57,0
DA:58,0
DA:60,0
DA:64,2
DA:104,0
DA:122,0
DA:139,0
DA:148,0
DA:192,0
DA:202,0
DA:227,0
LF:39
LH:26
BRDA:37,0,0,2
BRDA:37,0,1,0
BRDA:40,1,0,2
BRDA:40,1,1,2
BRDA:40,1,2,2
BRDA:40,1,3,2
BRDA:40,1,4,0
BRDA:40,1,5,0
BRDA:40,1,6,0
BRDA:40,1,7,0
BRDA:40,1,8,0
BRDA:52,2,0,0
BRDA:136,3,0,0
BRDA:136,3,1,2
BRDA:146,4,0,0
BRDA:146,4,1,2
BRDA:150,5,0,0
BRDA:150,5,1,2
BRDA:166,6,0,0
BRDA:166,6,1,2
BRDA:167,7,0,0
BRDA:167,7,1,2
BRDA:169,8,0,0
BRDA:169,8,1,2
BRDA:170,9,0,0
BRDA:170,9,1,2
BRDA:172,10,0,0
BRDA:172,10,1,2
BRDA:173,11,0,0
BRDA:173,11,1,2
BRDA:175,12,0,0
BRDA:175,12,1,2
BRDA:176,13,0,0
BRDA:176,13,1,2
BRDA:189,14,0,0
BRDA:189,14,1,2
BRDA:195,15,0,0
BRDA:195,15,1,2
BRDA:195,16,0,2
BRDA:195,16,1,0
BRDA:200,17,0,0
BRDA:200,17,1,2
BRDA:204,18,0,0
BRDA:204,18,1,2
BRDA:207,19,0,2
BRDA:207,19,1,0
BRDA:207,19,2,0
BRF:47
BRH:22
end_of_record
TN:
SF:src\ui\pages\DashboardPage.tsx
FN:18,DashboardPage
FNF:1
FNH:0
FNDA:0,DashboardPage
DA:1,1
DA:3,1
DA:4,0
DA:18,1
DA:19,0
LF:5
LH:3
BRF:0
BRH:0
end_of_record
TN:
SF:src\ui\pages\LandingPage.tsx
FN:4,LandingPage
FN:19,(anonymous_2)
FN:41,(anonymous_3)
FN:62,(anonymous_4)
FN:83,(anonymous_5)
FNF:5
FNH:5
FNDA:4,LandingPage
FNDA:1,(anonymous_2)
FNDA:1,(anonymous_3)
FNDA:16,(anonymous_4)
FNDA:24,(anonymous_5)
DA:1,3
DA:2,3
DA:4,3
DA:5,4
DA:7,4
DA:19,1
DA:41,1
DA:63,16
DA:84,24
LF:9
LH:9
BRF:0
BRH:0
end_of_record
TN:
SF:src\ui\pages\LoginPage.tsx
FN:11,LoginPage
FN:22,(anonymous_10)
FN:28,onSubmit
FN:52,(anonymous_12)
FN:76,(anonymous_13)
FN:92,(anonymous_14)
FN:101,(anonymous_15)
FN:101,(anonymous_16)
FNF:8
FNH:3
FNDA:3,LoginPage
FNDA:2,(anonymous_10)
FNDA:0,onSubmit
FNDA:1,(anonymous_12)
FNDA:0,(anonymous_13)
FNDA:0,(anonymous_14)
FNDA:0,(anonymous_15)
FNDA:0,(anonymous_16)
DA:1,4
DA:2,4
DA:11,4
DA:12,3
DA:14,3
DA:15,3
DA:16,3
DA:18,3
DA:19,3
DA:20,3
DA:22,3
DA:23,2
DA:26,3
DA:29,0
DA:30,0
DA:31,0
DA:34,3
DA:52,1
DA:76,0
DA:92,0
DA:101,0
LF:21
LH:15
BRDA:26,0,0,3
BRDA:26,0,1,3
BRDA:30,1,0,0
BRDA:89,2,0,0
BRDA:89,2,1,3
BRDA:99,3,0,0
BRDA:99,3,1,3
BRDA:103,4,0,0
BRDA:103,4,1,3
BRF:9
BRH:5
end_of_record
TN:
SF:src\ui\pages\MedicationDetailsPage.tsx
FN:15,MedicationDetailsPage
FN:24,(anonymous_10)
FN:50,(anonymous_11)
FN:56,(anonymous_12)
FN:67,(anonymous_13)
FN:117,(anonymous_14)
FN:155,(anonymous_15)
FN:163,(anonymous_16)
FN:171,(anonymous_17)
FNF:9
FNH:3
FNDA:1,MedicationDetailsPage
FNDA:1,(anonymous_10)
FNDA:0,(anonymous_11)
FNDA:0,(anonymous_12)
FNDA:0,(anonymous_13)
FNDA:5,(anonymous_14)
FNDA:0,(anonymous_15)
FNDA:0,(anonymous_16)
FNDA:0,(anonymous_17)
DA:1,3
DA:2,3
DA:3,3
DA:15,3
DA:16,1
DA:17,1
DA:20,1
DA:21,1
DA:23,1
DA:24,1
DA:35,1
DA:36,1
DA:38,1
DA:47,1
DA:48,1
DA:50,1
DA:51,0
DA:52,0
DA:53,0
DA:56,1
DA:57,0
DA:58,0
DA:59,0
DA:62,1
DA:67,0
DA:118,5
DA:155,0
DA:163,0
DA:171,0
LF:29
LH:19
BRDA:36,0,0,1
BRDA:36,0,1,0
BRDA:38,1,0,0
BRDA:38,1,1,1
BRDA:40,2,0,0
BRDA:40,2,1,1
BRDA:47,3,0,0
BRDA:47,3,1,1
BRDA:47,4,0,0
BRDA:47,4,1,1
BRDA:48,5,0,0
BRDA:48,5,1,1
BRDA:48,6,0,0
BRDA:48,6,1,1
BRDA:56,7,0,0
BRDA:72,8,0,1
BRDA:72,8,1,1
BRDA:121,9,0,4
BRDA:121,9,1,1
BRDA:123,10,0,1
BRDA:123,10,1,0
BRDA:147,11,0,0
BRDA:147,11,1,1
BRDA:149,12,0,0
BRDA:149,12,1,1
BRF:25
BRH:14
end_of_record
TN:
SF:src\ui\pages\MedicationsPage.tsx
FN:8,MedicationsPage
FNF:1
FNH:0
FNDA:0,MedicationsPage
DA:1,1
DA:2,1
DA:8,1
DA:9,0
LF:4
LH:3
BRF:0
BRH:0
end_of_record
TN:
SF:src\ui\pages\ResetPasswordPage.tsx
FN:10,ResetPasswordPage
FN:17,(anonymous_10)
FN:23,onSubmit
FN:29,(anonymous_12)
FN:81,(anonymous_13)
FNF:5
FNH:2
FNDA:1,ResetPasswordPage
FNDA:1,(anonymous_10)
FNDA:0,onSubmit
FNDA:0,(anonymous_12)
FNDA:0,(anonymous_13)
DA:1,2
DA:2,2
DA:10,2
DA:11,1
DA:12,1
DA:13,1
DA:15,1
DA:17,1
DA:18,1
DA:21,1
DA:24,0
DA:25,0
DA:26,0
DA:29,1
DA:31,0
DA:32,0
DA:34,0
DA:38,1
DA:81,0
LF:19
LH:12
BRDA:21,0,0,1
BRDA:21,0,1,1
BRDA:25,1,0,0
BRF:3
BRH:2
end_of_record
TN:
SF:src\ui\pages\RoleSelectPage.tsx
FN:6,RoleSelectPage
FN:10,(anonymous_10)
FN:27,(anonymous_11)
FN:44,(anonymous_12)
FN:60,(anonymous_13)
FNF:5
FNH:1
FNDA:1,RoleSelectPage
FNDA:0,(anonymous_10)
FNDA:0,(anonymous_11)
FNDA:0,(anonymous_12)
FNDA:0,(anonymous_13)
DA:1,2
DA:2,2
DA:6,2
DA:7,1
DA:8,1
DA:10,1
DA:12,0
DA:13,0
DA:15,0
DA:18,1
DA:27,0
DA:44,0
DA:60,0
LF:13
LH:7
BRDA:43,0,0,1
BRDA:43,0,1,0
BRDA:59,1,0,0
BRDA:59,1,1,1
BRF:4
BRH:2
end_of_record
TN:
SF:src\ui\pages\SettingsPage.tsx
FN:13,Segmented
FN:28,(anonymous_10)
FN:34,(anonymous_11)
FN:44,ToggleRow
FN:74,SettingsPage
FN:79,(anonymous_14)
FN:111,(anonymous_15)
FN:115,(anonymous_16)
FN:118,(anonymous_17)
FN:123,(anonymous_18)
FN:142,(anonymous_19)
FN:149,(anonymous_20)
FN:156,(anonymous_21)
FN:163,(anonymous_22)
FN:163,(anonymous_23)
FN:172,(anonymous_24)
FN:172,(anonymous_25)
FN:181,(anonymous_26)
FN:181,(anonymous_27)
FN:217,(anonymous_28)
FN:217,(anonymous_29)
FN:226,(anonymous_30)
FN:226,(anonymous_31)
FN:235,(anonymous_32)
FN:235,(anonymous_33)
FN:244,(anonymous_34)
FN:260,(anonymous_35)
FN:260,(anonymous_36)
FN:269,(anonymous_37)
FN:269,(anonymous_38)
FN:283,(anonymous_39)
FN:309,(anonymous_40)
FN:323,(anonymous_41)
FN:325,(anonymous_42)
FN:331,(anonymous_43)
FN:340,(anonymous_44)
FNF:36
FNH:31
FNDA:60,Segmented
FNDA:180,(anonymous_10)
FNDA:2,(anonymous_11)
FNDA:150,ToggleRow
FNDA:15,SettingsPage
FNDA:2,(anonymous_14)
FNDA:2,(anonymous_15)
FNDA:4,(anonymous_16)
FNDA:0,(anonymous_17)
FNDA:1,(anonymous_18)
FNDA:1,(anonymous_19)
FNDA:1,(anonymous_20)
FNDA:0,(anonymous_21)
FNDA:1,(anonymous_22)
FNDA:1,(anonymous_23)
FNDA:1,(anonymous_24)
FNDA:1,(anonymous_25)
FNDA:1,(anonymous_26)
FNDA:1,(anonymous_27)
FNDA:1,(anonymous_28)
FNDA:1,(anonymous_29)
FNDA:1,(anonymous_30)
FNDA:1,(anonymous_31)
FNDA:1,(anonymous_32)
FNDA:1,(anonymous_33)
FNDA:0,(anonymous_34)
FNDA:1,(anonymous_35)
FNDA:1,(anonymous_36)
FNDA:1,(anonymous_37)
FNDA:1,(anonymous_38)
FNDA:1,(anonymous_39)
FNDA:0,(anonymous_40)
FNDA:0,(anonymous_41)
FNDA:1,(anonymous_42)
FNDA:1,(anonymous_43)
FNDA:10,(anonymous_44)
DA:1,2
DA:2,2
DA:3,2
DA:19,60
DA:21,60
DA:29,180
DA:34,2
DA:52,150
DA:53,150
DA:55,150
DA:74,2
DA:75,15
DA:76,15
DA:78,15
DA:79,2
DA:94,15
DA:95,15
DA:96,15
DA:98,15
DA:99,15
DA:100,15
DA:102,15
DA:103,15
DA:104,15
DA:106,15
DA:107,15
DA:108,15
DA:110,15
DA:111,2
DA:115,15
DA:116,4
DA:118,1
DA:119,0
DA:122,1
DA:123,1
DA:126,15
DA:142,1
DA:149,1
DA:156,0
DA:163,1
DA:172,1
DA:181,1
DA:217,1
DA:226,1
DA:235,1
DA:244,0
DA:260,1
DA:269,1
DA:283,1
DA:309,0
DA:323,0
DA:325,1
DA:331,1
DA:341,10
LF:54
LH:49
BRDA:32,0,0,60
BRDA:32,0,1,120
BRDA:52,1,0,150
BRDA:52,1,1,0
BRDA:53,2,0,150
BRDA:53,2,1,0
BRDA:59,3,0,150
BRDA:59,3,1,0
BRDA:64,4,0,55
BRDA:64,4,1,95
BRDA:68,5,0,55
BRDA:68,5,1,95
BRDA:116,6,0,3
BRDA:119,7,0,0
BRDA:317,8,0,1
BRDA:317,8,1,14
BRF:16
BRH:12
end_of_record
TN:
SF:src\ui\pages\TaskDetailsPage.tsx
FN:40,timeLabel
FN:44,TaskDetailsPage
FN:54,(anonymous_3)
FN:55,(anonymous_4)
FN:66,(anonymous_5)
FN:70,(anonymous_6)
FN:77,(anonymous_7)
FN:84,(anonymous_8)
FN:91,(anonymous_9)
FN:94,(anonymous_10)
FN:95,(anonymous_11)
FN:105,(anonymous_12)
FN:144,(anonymous_13)
FN:172,(anonymous_14)
FN:194,(anonymous_15)
FNF:15
FNH:1
FNDA:0,timeLabel
FNDA:10,TaskDetailsPage
FNDA:0,(anonymous_3)
FNDA:0,(anonymous_4)
FNDA:0,(anonymous_5)
FNDA:0,(anonymous_6)
FNDA:0,(anonymous_7)
FNDA:0,(anonymous_8)
FNDA:0,(anonymous_9)
FNDA:0,(anonymous_10)
FNDA:0,(anonymous_11)
FNDA:0,(anonymous_12)
FNDA:0,(anonymous_13)
FNDA:0,(anonymous_14)
FNDA:0,(anonymous_15)
DA:3,3
DA:4,3
DA:5,3
DA:23,3
DA:41,0
DA:44,3
DA:45,10
DA:46,8
DA:48,8
DA:49,8
DA:52,8
DA:53,0
DA:54,0
DA:55,0
DA:57,0
DA:58,0
DA:60,0
DA:66,0
DA:67,0
DA:68,0
DA:69,0
DA:70,0
DA:74,0
DA:77,0
DA:78,0
DA:79,0
DA:80,0
DA:82,0
DA:83,0
DA:84,0
DA:88,0
DA:91,0
DA:92,0
DA:93,0
DA:94,0
DA:95,0
DA:99,0
DA:102,0
DA:105,0
DA:145,0
DA:172,0
DA:195,0
LF:42
LH:10
BRDA:48,0,0,8
BRDA:48,0,1,8
BRDA:49,1,0,8
BRDA:49,1,1,0
BRDA:58,2,0,0
BRDA:58,2,1,0
BRDA:60,3,0,0
BRDA:60,3,1,0
BRDA:62,4,0,0
BRDA:62,4,1,0
BRDA:67,5,0,0
BRDA:77,6,0,0
BRDA:78,7,0,0
BRDA:93,8,0,0
BRDA:164,9,0,0
BRDA:164,9,1,0
BRDA:166,10,0,0
BRDA:166,10,1,0
BRDA:174,11,0,0
BRDA:174,11,1,0
BRF:20
BRH:3
end_of_record
TN:
SF:src\ui\pages\TasksPage.tsx
FN:17,TasksPage
FN:23,(anonymous_10)
FN:24,(anonymous_11)
FN:25,(anonymous_12)
FN:32,(anonymous_13)
FN:33,(anonymous_14)
FN:36,(anonymous_15)
FN:90,(anonymous_16)
FN:93,(anonymous_17)
FN:110,(anonymous_18)
FN:112,(anonymous_19)
FN:115,(anonymous_20)
FN:116,(anonymous_21)
FN:117,(anonymous_22)
FN:131,(anonymous_23)
FN:135,(anonymous_24)
FN:136,(anonymous_25)
FN:137,(anonymous_26)
FN:148,(anonymous_27)
FN:152,(anonymous_28)
FN:153,(anonymous_29)
FN:154,(anonymous_30)
FN:165,(anonymous_31)
FN:166,(anonymous_32)
FN:181,(anonymous_33)
FN:182,(anonymous_34)
FN:183,(anonymous_35)
FN:184,(anonymous_36)
FN:213,TaskRow
FN:232,(anonymous_38)
FN:243,(anonymous_39)
FN:256,CompletedRow
FN:273,EmptyRow
FN:277,SideItem
FNF:34
FNH:14
FNDA:1,TasksPage
FNDA:0,(anonymous_10)
FNDA:0,(anonymous_11)
FNDA:0,(anonymous_12)
FNDA:0,(anonymous_13)
FNDA:0,(anonymous_14)
FNDA:1,(anonymous_15)
FNDA:1,(anonymous_16)
FNDA:7,(anonymous_17)
FNDA:1,(anonymous_18)
FNDA:0,(anonymous_19)
FNDA:7,(anonymous_20)
FNDA:7,(anonymous_21)
FNDA:7,(anonymous_22)
FNDA:3,(anonymous_23)
FNDA:0,(anonymous_24)
FNDA:0,(anonymous_25)
FNDA:0,(anonymous_26)
FNDA:3,(anonymous_27)
FNDA:0,(anonymous_28)
FNDA:0,(anonymous_29)
FNDA:0,(anonymous_30)
FNDA:1,(anonymous_31)
FNDA:0,(anonymous_32)
FNDA:0,(anonymous_33)
FNDA:0,(anonymous_34)
FNDA:0,(anonymous_35)
FNDA:0,(anonymous_36)
FNDA:6,TaskRow
FNDA:0,(anonymous_38)
FNDA:0,(anonymous_39)
FNDA:1,CompletedRow
FNDA:0,EmptyRow
FNDA:4,SideItem
DA:1,2
DA:2,2
DA:3,2
DA:17,2
DA:18,1
DA:19,1
DA:20,1
DA:21,1
DA:23,1
DA:24,0
DA:25,0
DA:26,0
DA:27,0
DA:28,0
DA:32,1
DA:33,0
DA:35,1
DA:36,1
DA:90,1
DA:91,1
DA:93,1
DA:94,7
DA:95,7
DA:96,7
DA:98,7
DA:100,7
DA:106,7
DA:110,1
DA:111,1
DA:112,0
DA:115,7
DA:116,7
DA:117,7
DA:119,1
DA:132,3
DA:135,0
DA:136,0
DA:137,0
DA:149,3
DA:152,0
DA:153,0
DA:154,0
DA:166,1
DA:181,0
DA:182,0
DA:183,0
DA:184,0
DA:221,6
DA:233,0
DA:234,0
DA:235,0
DA:244,0
DA:245,0
DA:246,0
DA:257,1
DA:274,0
DA:278,4
LF:57
LH:33
BRDA:32,0,0,0
BRDA:94,1,0,7
BRDA:94,1,1,7
BRDA:96,2,0,7
BRDA:96,2,1,0
BRDA:98,3,0,1
BRDA:98,3,1,6
BRDA:100,4,0,1
BRDA:100,4,1,6
BRDA:102,5,0,0
BRDA:102,5,1,6
BRDA:111,6,0,1
BRDA:142,7,0,1
BRDA:142,7,1,0
BRDA:159,8,0,1
BRDA:159,8,1,0
BRDA:168,9,0,1
BRDA:168,9,1,0
BRDA:279,10,0,1
BRDA:279,10,1,3
BRF:20
BRH:14
end_of_record
