SF:lib/settings/settings_prefs.dart
DA:18,2
DA:19,2
DA:21,1
DA:22,1
DA:23,1
DA:25,1
DA:26,1
DA:27,1
DA:29,1
DA:30,1
DA:31,1
DA:32,1
DA:33,1
DA:34,1
DA:36,1
DA:40,1
DA:54,1
DA:56,1
DA:57,1
DA:58,1
DA:59,1
DA:60,1
DA:62,1
DA:63,1
DA:64,1
DA:65,1
DA:66,1
DA:67,1
DA:68,1
LF:29
LH:29
end_of_record
SF:lib/appointments/appointment_details_page.dart
DA:18,0
DA:31,0
DA:32,0
DA:34,0
DA:39,0
DA:42,0
DA:45,0
DA:51,0
DA:55,1
DA:57,1
DA:59,1
DA:61,1
DA:63,1
DA:65,1
DA:67,1
DA:69,1
DA:70,1
DA:72,1
DA:78,0
DA:79,0
DA:111,1
DA:112,1
DA:113,1
DA:114,1
DA:119,1
DA:120,2
DA:121,1
DA:122,1
DA:123,1
DA:138,1
DA:140,0
DA:151,1
DA:157,1
DA:159,1
DA:160,1
DA:162,1
DA:166,1
DA:169,1
DA:171,1
DA:173,1
DA:174,1
DA:198,1
DA:200,1
DA:213,1
DA:214,1
DA:228,1
DA:230,1
DA:243,1
DA:245,1
DA:252,1
DA:253,1
DA:254,1
DA:271,1
DA:273,1
DA:286,1
DA:287,1
DA:311,1
DA:318,1
DA:320,1
DA:321,1
DA:323,1
DA:327,1
DA:330,1
DA:332,1
DA:334,1
DA:335,1
DA:359,1
DA:361,1
DA:374,1
DA:375,1
DA:389,1
DA:391,1
DA:404,1
DA:405,1
DA:416,1
DA:417,1
DA:428,1
DA:429,1
DA:448,2
DA:450,1
DA:452,1
DA:453,1
DA:455,1
DA:459,1
DA:462,1
DA:464,1
DA:466,1
DA:467,1
DA:468,1
DA:471,1
DA:499,1
DA:500,1
DA:501,1
DA:507,1
DA:513,1
DA:531,1
DA:537,1
DA:539,1
DA:541,1
DA:542,1
DA:543,1
DA:544,1
DA:545,1
DA:549,1
DA:552,1
DA:554,1
DA:557,1
DA:558,1
DA:559,1
DA:560,1
DA:577,2
DA:579,1
DA:581,1
DA:583,1
DA:600,1
DA:603,1
DA:604,0
DA:607,1
DA:609,1
DA:610,1
DA:614,1
DA:616,1
DA:639,1
DA:642,1
DA:643,0
DA:646,1
DA:648,1
DA:649,1
DA:653,1
DA:655,1
DA:678,1
DA:681,1
DA:682,0
DA:685,1
DA:687,1
DA:688,1
DA:692,1
DA:694,1
LF:138
LH:124
end_of_record
SF:lib/home/app_header.dart
DA:9,9
DA:17,7
DA:20,7
DA:22,7
DA:23,7
DA:25,7
DA:26,7
DA:33,7
DA:34,7
DA:36,7
DA:39,7
DA:60,7
DA:61,7
DA:62,7
DA:66,7
DA:67,7
DA:70,7
DA:74,7
DA:75,7
DA:94,7
DA:102,7
DA:104,7
DA:105,7
DA:107,7
DA:108,7
DA:110,7
DA:113,7
DA:114,7
DA:115,7
DA:117,7
DA:120,7
DA:122,7
DA:123,7
DA:128,7
DA:130,7
DA:131,7
LF:36
LH:36
end_of_record
SF:lib/home/bottom_navigation_bar_custom.dart
DA:7,7
DA:13,7
DA:15,7
DA:16,7
DA:18,7
DA:19,7
DA:29,7
DA:32,7
DA:33,7
DA:34,7
DA:37,14
DA:38,3
DA:41,7
DA:42,7
DA:45,14
DA:46,3
DA:49,7
DA:50,7
DA:53,14
DA:54,3
DA:57,7
DA:58,7
DA:61,14
DA:62,3
DA:77,7
DA:84,7
DA:86,7
DA:90,7
DA:91,7
DA:93,7
DA:97,7
DA:100,7
DA:101,7
DA:102,7
DA:107,7
DA:108,7
DA:109,7
DA:114,7
LF:38
LH:38
end_of_record
SF:lib/navigation/navigation_helper.dart
DA:6,1
DA:8,1
DA:10,0
DA:11,0
DA:15,0
DA:20,1
DA:26,2
DA:29,0
DA:34,2
DA:37,1
DA:43,2
DA:46,0
DA:51,1
DA:53,1
DA:56,0
DA:57,0
DA:60,0
DA:65,0
DA:68,0
DA:69,0
DA:72,0
DA:76,0
LF:22
LH:9
end_of_record
SF:lib/navigation/app_router.dart
DA:38,2
DA:40,1
DA:41,1
DA:43,1
DA:44,2
DA:45,1
DA:47,0
DA:51,1
DA:52,1
DA:54,1
DA:56,2
DA:57,2
DA:61,1
DA:62,1
DA:63,1
DA:66,3
DA:67,1
DA:68,3
DA:69,0
DA:73,1
DA:76,1
DA:77,1
DA:78,1
DA:79,0
DA:80,0
DA:84,2
DA:101,1
DA:103,2
DA:107,2
DA:109,2
DA:114,1
DA:115,1
DA:117,0
DA:122,0
DA:127,0
DA:128,0
DA:131,0
DA:133,0
DA:134,0
DA:135,0
DA:136,0
DA:137,0
DA:139,0
DA:145,0
DA:150,0
DA:156,0
DA:159,2
DA:160,4
DA:161,8
DA:164,2
DA:165,2
DA:169,4
DA:170,2
DA:171,2
DA:172,2
DA:177,3
DA:180,2
DA:181,2
DA:182,3
DA:187,2
DA:188,0
DA:194,2
DA:196,2
DA:197,1
DA:202,2
DA:203,1
DA:208,1
DA:209,0
DA:214,1
DA:215,0
DA:220,1
DA:221,0
DA:222,0
DA:225,0
DA:227,0
DA:230,1
DA:231,1
DA:233,2
DA:236,1
DA:237,0
DA:238,0
DA:239,0
DA:240,0
DA:242,0
DA:243,0
DA:244,0
DA:245,0
DA:246,0
DA:250,1
DA:251,1
DA:253,2
DA:256,0
DA:257,0
DA:258,0
DA:259,0
DA:260,0
DA:262,0
DA:263,0
DA:264,0
DA:265,0
DA:269,0
DA:270,0
DA:272,0
DA:275,0
DA:276,0
DA:278,0
DA:279,0
DA:280,0
DA:281,0
DA:282,0
DA:283,0
DA:284,0
DA:285,0
DA:286,0
DA:290,0
DA:291,0
DA:293,0
DA:297,0
DA:304,0
DA:305,0
DA:306,0
DA:308,0
DA:309,0
DA:310,0
DA:312,0
DA:314,0
DA:315,0
DA:317,0
DA:319,0
DA:320,0
DA:322,0
DA:328,0
DA:329,0
DA:330,0
DA:331,0
DA:332,0
DA:333,0
DA:334,0
DA:335,0
DA:336,0
DA:337,0
DA:338,0
DA:339,0
DA:340,0
DA:341,0
DA:342,0
DA:343,0
DA:344,0
DA:345,0
DA:347,0
DA:351,1
DA:354,1
DA:356,1
DA:357,1
DA:358,2
DA:359,0
DA:361,0
DA:362,0
DA:364,0
DA:365,0
DA:367,0
DA:370,0
DA:376,1
DA:379,1
DA:382,2
DA:383,2
DA:384,2
DA:385,2
DA:389,0
DA:391,1
DA:394,1
DA:395,1
DA:401,1
DA:405,1
DA:406,1
DA:410,1
DA:412,2
LF:177
LH:76
end_of_record
SF:lib/appointments/appointments_page.dart
DA:11,0
DA:13,0
DA:14,0
DA:16,0
DA:20,0
DA:21,0
DA:25,1
DA:27,1
DA:29,1
DA:31,1
DA:32,1
DA:34,1
DA:35,1
DA:37,1
DA:38,1
DA:42,1
DA:44,1
DA:86,1
DA:87,1
DA:89,1
DA:91,1
DA:92,1
DA:98,1
DA:101,1
DA:106,1
DA:109,1
DA:114,1
DA:117,1
DA:122,1
DA:125,1
DA:130,1
DA:140,1
DA:142,0
DA:156,1
DA:166,1
DA:168,1
DA:169,1
DA:171,1
DA:172,1
DA:177,1
DA:180,1
DA:182,1
DA:184,1
DA:186,1
DA:187,1
DA:190,1
DA:192,1
DA:201,1
DA:202,1
DA:204,1
DA:205,1
DA:206,1
DA:218,1
DA:220,1
DA:227,1
DA:228,1
DA:229,1
DA:244,1
DA:246,1
DA:253,1
DA:254,1
DA:255,1
DA:270,1
DA:271,1
DA:288,1
DA:291,1
DA:292,0
DA:293,0
DA:295,0
DA:296,0
DA:297,0
DA:298,0
DA:299,0
DA:300,0
DA:301,0
DA:305,1
DA:307,1
DA:308,1
DA:312,1
DA:314,1
LF:80
LH:64
end_of_record
SF:lib/widgets/responsive_scaffold.dart
DA:16,3
DA:26,3
DA:28,3
DA:29,3
DA:30,6
DA:33,3
DA:34,3
DA:35,3
DA:38,3
DA:39,3
DA:40,3
DA:41,3
DA:42,3
DA:43,3
DA:44,0
LF:15
LH:14
end_of_record
SF:lib/auth/auth_prefs.dart
DA:11,3
DA:12,3
DA:13,2
DA:16,3
DA:17,3
DA:18,3
DA:21,1
DA:22,1
DA:23,1
DA:26,2
DA:27,4
DA:28,4
DA:29,0
DA:31,2
DA:32,2
DA:35,2
DA:36,2
DA:37,2
DA:40,2
DA:41,2
DA:42,4
DA:45,3
DA:46,3
DA:47,3
DA:48,3
DA:49,3
DA:53,0
DA:54,0
DA:55,0
DA:58,0
DA:59,0
DA:60,0
DA:61,0
DA:62,0
DA:66,0
DA:67,0
DA:68,0
DA:69,0
DA:70,0
LF:39
LH:25
end_of_record
SF:lib/auth/forgot_password_page.dart
DA:13,1
DA:15,1
DA:16,1
DA:22,1
DA:24,2
DA:25,1
DA:28,1
DA:29,2
DA:32,1
DA:33,1
DA:34,1
DA:35,1
DA:36,1
DA:38,1
DA:46,1
DA:47,3
DA:49,0
DA:51,0
DA:55,1
DA:64,1
DA:65,1
DA:73,1
DA:76,1
DA:78,1
DA:79,1
DA:81,1
DA:83,1
DA:85,1
DA:96,1
DA:106,1
DA:108,1
DA:110,1
DA:111,1
DA:113,1
DA:115,1
DA:127,1
DA:129,1
DA:137,1
DA:151,1
DA:152,1
DA:158,1
DA:159,1
DA:168,1
DA:170,1
DA:172,1
DA:173,3
DA:174,1
DA:175,1
DA:180,1
DA:186,1
DA:188,1
DA:189,1
DA:192,1
DA:208,1
DA:210,1
DA:212,1
DA:223,1
DA:227,1
DA:228,1
LF:59
LH:57
end_of_record
SF:lib/widgets/auth_scroll_container.dart
DA:7,2
DA:13,2
DA:15,6
DA:17,2
DA:18,2
DA:19,2
DA:20,2
DA:21,2
DA:22,4
DA:23,4
DA:24,4
DA:25,6
DA:27,2
DA:28,4
DA:30,2
LF:15
LH:15
end_of_record
SF:lib/auth/landing_page.dart
DA:11,2
DA:13,1
DA:21,1
DA:24,1
DA:26,1
DA:27,1
DA:29,1
DA:31,1
DA:35,1
DA:36,1
DA:39,1
DA:41,1
DA:86,1
DA:88,1
DA:90,1
DA:91,1
DA:93,1
DA:95,1
DA:96,1
DA:115,1
DA:117,1
DA:119,0
DA:120,0
DA:129,1
DA:132,1
DA:133,1
DA:152,1
DA:155,0
DA:156,0
DA:158,0
DA:163,1
DA:166,0
DA:167,0
DA:169,0
DA:200,1
DA:202,1
DA:204,1
DA:205,1
DA:206,1
DA:207,1
DA:208,1
DA:211,1
DA:212,1
LF:43
LH:35
end_of_record
SF:lib/auth/role_select_page.dart
DA:12,2
DA:14,1
DA:24,1
DA:27,1
DA:29,1
DA:30,1
DA:32,1
DA:34,1
DA:58,1
DA:66,1
DA:67,1
DA:68,1
DA:69,1
DA:74,1
DA:82,0
DA:83,0
DA:84,0
DA:85,0
DA:103,1
DA:105,1
DA:107,0
DA:108,0
DA:120,1
DA:124,1
DA:125,1
DA:148,1
DA:159,1
DA:161,1
DA:163,2
DA:164,1
DA:165,1
DA:166,1
DA:167,1
DA:168,1
DA:169,1
DA:170,1
DA:173,1
DA:174,1
DA:175,2
DA:177,1
DA:179,1
DA:180,1
DA:181,1
DA:182,3
DA:184,1
DA:185,1
DA:197,1
DA:198,1
LF:48
LH:42
end_of_record
SF:lib/auth/sign_in_page.dart
DA:12,2
DA:14,1
DA:15,1
DA:23,1
DA:25,1
DA:26,1
DA:29,1
DA:30,1
DA:31,0
DA:32,0
DA:36,1
DA:38,2
DA:39,2
DA:40,1
DA:43,1
DA:44,3
DA:46,1
DA:47,0
DA:59,1
DA:60,1
DA:62,1
DA:67,1
DA:69,0
DA:72,2
DA:76,1
DA:85,1
DA:88,1
DA:90,1
DA:91,1
DA:93,1
DA:95,1
DA:125,1
DA:127,1
DA:136,1
DA:138,1
DA:140,1
DA:141,1
DA:142,1
DA:143,1
DA:149,0
DA:150,0
DA:151,0
DA:159,1
DA:161,1
DA:163,1
DA:164,1
DA:166,1
DA:167,1
DA:185,1
DA:186,0
DA:188,0
DA:192,1
DA:193,0
DA:195,0
DA:202,1
DA:204,1
DA:205,0
DA:206,0
DA:218,1
DA:222,1
DA:223,1
DA:239,2
DA:241,1
DA:243,1
DA:244,1
DA:262,1
DA:270,1
DA:272,1
DA:273,1
DA:274,1
DA:275,1
DA:282,1
DA:283,1
DA:292,1
DA:297,1
DA:298,1
DA:301,1
DA:302,1
DA:314,1
DA:316,1
DA:318,1
DA:319,1
DA:320,1
DA:321,1
DA:322,1
LF:85
LH:72
end_of_record
SF:lib/home/medication_card.dart
DA:11,6
DA:20,6
DA:22,6
DA:24,6
DA:26,6
DA:27,6
DA:30,6
DA:33,6
DA:35,6
DA:36,6
DA:37,6
DA:40,6
DA:42,6
DA:65,6
DA:67,6
DA:82,6
DA:83,6
DA:84,6
DA:86,6
DA:92,6
DA:93,6
DA:94,6
DA:95,2
DA:97,6
DA:101,6
DA:116,6
DA:119,6
DA:120,12
DA:121,6
DA:122,6
DA:125,6
DA:126,6
DA:130,6
DA:131,6
DA:133,6
DA:149,6
DA:150,6
DA:151,6
DA:152,6
DA:171,6
DA:174,6
DA:175,18
DA:176,6
DA:177,6
DA:180,6
DA:181,6
DA:185,6
DA:186,6
DA:200,6
DA:201,6
DA:202,6
DA:203,6
LF:52
LH:52
end_of_record
SF:lib/home/refill_reminder_card.dart
DA:6,6
DA:11,6
DA:13,6
DA:14,6
DA:15,6
DA:16,6
DA:18,6
DA:22,6
DA:25,6
DA:27,6
DA:29,6
DA:33,6
DA:46,6
DA:47,6
DA:49,6
LF:15
LH:15
end_of_record
SF:lib/home/today_card.dart
DA:9,6
DA:17,6
DA:19,6
DA:20,6
DA:22,6
DA:26,6
DA:29,6
DA:31,6
DA:33,6
DA:34,6
DA:35,6
DA:38,6
DA:40,6
DA:65,6
DA:66,6
DA:67,6
DA:70,6
DA:72,0
DA:75,6
DA:78,6
DA:80,0
DA:83,6
DA:86,6
DA:88,0
DA:105,6
DA:113,6
DA:115,6
DA:116,6
DA:117,6
DA:118,6
DA:119,6
DA:121,6
DA:124,6
DA:127,6
DA:128,6
DA:129,6
DA:132,6
DA:133,6
DA:134,6
DA:145,6
DA:146,6
DA:159,6
DA:160,6
DA:166,6
DA:169,6
DA:170,6
LF:46
LH:43
end_of_record
SF:lib/home/upcoming_appointments_card.dart
DA:6,2
DA:8,6
DA:10,6
DA:11,6
DA:13,6
DA:17,6
DA:20,6
DA:22,6
DA:24,6
DA:25,6
DA:26,6
DA:29,6
DA:31,6
DA:60,6
DA:61,6
DA:62,6
DA:67,6
DA:72,6
DA:81,6
DA:84,6
DA:85,0
DA:86,0
DA:88,6
DA:90,6
DA:91,6
DA:119,6
DA:124,6
DA:126,6
DA:128,6
DA:129,6
DA:131,6
DA:134,6
DA:136,6
DA:137,6
DA:138,6
DA:150,6
DA:151,6
LF:37
LH:35
end_of_record
SF:lib/main.dart
DA:16,0
DA:17,0
DA:18,0
DA:23,2
DA:25,1
DA:26,1
DA:34,1
DA:36,1
DA:37,2
DA:39,2
DA:40,1
DA:41,1
DA:43,1
DA:46,1
DA:47,1
DA:48,0
DA:49,0
DA:51,0
DA:57,0
DA:60,0
DA:63,0
DA:66,0
DA:69,0
DA:75,0
DA:78,1
DA:80,1
DA:81,1
DA:83,1
DA:84,1
DA:96,0
DA:98,0
DA:99,0
DA:104,0
DA:105,0
DA:113,2
DA:117,6
DA:118,6
DA:138,1
DA:139,2
DA:140,1
DA:144,2
DA:145,2
DA:146,6
DA:147,2
DA:148,6
DA:149,2
DA:152,2
DA:153,2
DA:154,4
DA:155,2
DA:156,2
DA:157,4
DA:161,2
DA:162,4
DA:163,2
DA:164,2
DA:165,2
DA:169,0
DA:174,0
DA:175,0
DA:177,0
DA:178,0
DA:180,0
DA:181,0
DA:183,0
DA:184,0
DA:190,0
DA:191,0
DA:192,0
DA:197,0
DA:198,0
DA:199,0
DA:204,6
DA:205,6
DA:206,6
DA:207,6
DA:209,6
DA:211,6
DA:213,6
DA:214,6
DA:215,6
DA:216,6
DA:217,6
DA:218,6
DA:219,6
DA:222,12
DA:224,6
DA:225,6
DA:226,6
DA:227,6
DA:228,6
DA:236,1
DA:237,2
DA:238,1
DA:239,2
DA:240,1
DA:241,2
DA:243,0
DA:245,0
DA:247,0
DA:249,0
DA:250,0
DA:251,0
DA:252,0
DA:253,0
DA:254,0
DA:255,0
DA:258,0
DA:260,0
DA:261,0
DA:262,0
DA:263,0
DA:264,0
DA:275,6
DA:277,36
DA:279,1
DA:282,6
DA:283,6
DA:284,6
DA:285,6
DA:286,6
DA:287,6
DA:289,6
DA:290,6
DA:291,6
DA:292,6
LF:126
LH:78
end_of_record
SF:lib/medications/medications_page.dart
DA:12,3
DA:14,3
DA:15,3
DA:25,0
DA:26,0
DA:27,0
DA:31,0
DA:32,0
DA:33,0
DA:37,0
DA:38,0
DA:40,0
DA:41,0
DA:43,0
DA:44,0
DA:50,0
DA:51,0
DA:52,0
DA:53,0
DA:54,0
DA:55,0
DA:56,0
DA:57,0
DA:60,3
DA:62,3
DA:63,3
DA:64,3
DA:65,3
DA:66,3
DA:67,3
DA:69,3
DA:71,3
DA:72,3
DA:74,3
DA:75,3
DA:77,3
DA:78,3
DA:82,3
DA:84,3
DA:124,3
DA:126,3
DA:128,3
DA:129,3
DA:145,3
DA:146,3
DA:148,3
DA:150,3
DA:152,3
DA:154,3
DA:158,3
DA:161,3
DA:164,3
DA:165,3
DA:167,0
DA:168,0
DA:169,0
DA:171,0
DA:172,0
DA:175,0
DA:178,0
DA:187,3
DA:193,0
DA:194,0
DA:196,0
DA:197,0
DA:209,3
DA:215,0
DA:216,0
DA:218,0
DA:219,0
DA:229,3
DA:233,3
DA:236,3
DA:239,3
DA:240,3
DA:242,0
DA:243,0
DA:244,0
DA:246,0
DA:247,0
DA:250,0
DA:253,0
DA:262,3
DA:268,0
DA:269,0
DA:271,0
DA:272,0
DA:288,3
DA:290,6
DA:295,3
DA:296,3
DA:297,3
DA:306,3
DA:320,27
LF:94
LH:48
end_of_record
SF:lib/tasks/tasks_page.dart
DA:12,3
DA:14,3
DA:15,3
DA:25,0
DA:26,0
DA:29,0
DA:30,0
DA:33,0
DA:34,0
DA:36,0
DA:37,0
DA:39,0
DA:40,0
DA:46,0
DA:47,0
DA:48,0
DA:49,0
DA:50,0
DA:51,0
DA:52,0
DA:53,0
DA:56,3
DA:58,3
DA:59,3
DA:60,3
DA:61,3
DA:62,3
DA:63,3
DA:65,3
DA:67,3
DA:68,3
DA:70,3
DA:71,3
DA:73,3
DA:74,3
DA:78,3
DA:80,3
DA:105,3
DA:106,3
DA:108,3
DA:110,3
DA:112,3
DA:117,3
DA:119,3
DA:122,3
DA:125,3
DA:126,0
DA:128,3
DA:129,3
DA:131,0
DA:132,0
DA:133,0
DA:134,0
DA:136,0
DA:137,0
DA:139,0
DA:142,0
DA:151,3
DA:155,0
DA:156,0
DA:158,0
DA:159,0
DA:170,3
DA:173,3
DA:176,3
DA:179,3
DA:180,0
DA:182,3
DA:183,3
DA:185,0
DA:188,0
DA:189,0
DA:191,0
DA:192,0
DA:194,0
DA:197,0
DA:206,3
DA:210,0
DA:211,0
DA:213,0
DA:214,0
DA:228,3
DA:232,0
DA:233,0
DA:235,0
DA:236,0
DA:246,3
DA:250,0
DA:251,0
DA:253,0
DA:254,0
DA:264,3
DA:269,0
DA:270,0
DA:272,0
DA:275,0
DA:287,3
DA:291,0
DA:292,0
DA:294,0
DA:297,0
DA:308,3
DA:312,0
DA:313,0
DA:315,0
DA:318,0
DA:329,3
DA:334,0
DA:335,0
DA:337,0
DA:338,0
DA:354,3
DA:356,6
DA:365,2
DA:367,3
DA:369,3
DA:371,3
DA:373,3
DA:375,3
DA:376,3
LF:120
LH:53
end_of_record
SF:lib/settings/settings_page.dart
DA:14,1
DA:16,1
DA:17,1
DA:47,0
DA:48,0
DA:51,0
DA:52,0
DA:55,1
DA:57,1
DA:58,1
DA:61,1
DA:62,1
DA:64,0
DA:66,0
DA:67,0
DA:68,0
DA:69,0
DA:70,0
DA:71,0
DA:72,0
DA:73,0
DA:75,0
DA:76,0
DA:77,0
DA:78,0
DA:79,0
DA:80,0
DA:81,0
DA:82,0
DA:83,0
DA:84,0
DA:85,0
DA:89,0
DA:90,0
DA:91,0
DA:92,0
DA:93,0
DA:94,0
DA:95,0
DA:96,0
DA:97,0
DA:98,0
DA:99,0
DA:100,0
DA:101,0
DA:102,0
DA:106,1
DA:108,1
DA:109,1
DA:110,1
DA:111,1
DA:112,1
DA:113,1
DA:115,1
DA:117,1
DA:118,1
DA:120,1
DA:121,1
DA:123,1
DA:124,1
DA:128,1
DA:130,1
DA:153,1
DA:154,1
DA:156,1
DA:158,1
DA:166,1
DA:167,1
DA:168,0
DA:169,0
DA:170,0
DA:172,0
DA:177,1
DA:178,1
DA:179,0
DA:180,0
DA:181,0
DA:183,0
DA:188,1
DA:189,1
DA:190,0
DA:191,0
DA:192,0
DA:194,0
DA:199,1
DA:201,1
DA:202,0
DA:203,0
DA:204,0
DA:206,0
DA:211,1
DA:213,1
DA:214,0
DA:215,0
DA:216,0
DA:218,0
DA:223,1
DA:224,1
DA:225,0
DA:226,0
DA:227,0
DA:229,0
DA:240,1
DA:242,1
DA:243,0
DA:244,0
DA:245,0
DA:247,0
DA:252,1
DA:254,1
DA:255,0
DA:256,0
DA:257,0
DA:259,0
DA:264,1
DA:266,1
DA:267,0
DA:268,0
DA:269,0
DA:271,0
DA:276,1
DA:278,1
DA:279,0
DA:280,0
DA:281,0
DA:283,0
DA:288,1
DA:289,1
DA:290,0
DA:291,0
DA:292,0
DA:294,0
DA:305,1
DA:306,1
DA:307,0
DA:308,0
DA:309,0
DA:311,0
DA:323,1
DA:324,0
DA:325,0
DA:326,0
DA:329,0
DA:341,1
DA:343,2
DA:353,2
DA:355,1
DA:357,1
DA:358,1
DA:360,2
DA:362,1
DA:363,1
DA:365,1
DA:367,1
DA:368,1
DA:390,1
DA:395,1
DA:396,1
DA:397,1
DA:399,1
DA:401,1
DA:408,1
DA:410,1
DA:411,1
DA:413,1
DA:414,1
DA:417,1
DA:419,1
DA:432,1
DA:433,2
DA:444,1
DA:447,1
DA:448,1
DA:449,1
DA:451,2
DA:453,0
DA:457,1
DA:458,1
DA:460,2
DA:462,0
DA:466,1
DA:467,1
DA:469,2
DA:471,0
DA:486,1
DA:491,1
DA:493,1
DA:494,1
DA:496,1
DA:497,1
DA:500,1
DA:502,1
DA:515,1
DA:516,2
DA:527,1
DA:530,1
DA:531,1
DA:532,1
DA:534,2
DA:536,0
DA:540,1
DA:541,1
DA:543,2
DA:545,0
DA:560,1
DA:565,1
DA:567,1
DA:568,1
DA:570,1
DA:571,1
DA:574,1
DA:576,1
DA:589,1
DA:590,2
DA:601,1
DA:604,1
DA:605,1
DA:606,1
DA:608,2
DA:610,0
DA:614,1
DA:615,1
DA:617,2
DA:619,0
DA:634,1
DA:636,1
DA:638,1
DA:639,1
DA:641,1
DA:642,1
DA:645,1
DA:647,1
DA:672,1
DA:675,4
DA:687,1
DA:692,1
DA:694,1
DA:695,1
DA:697,1
DA:698,1
DA:701,1
DA:703,1
DA:716,1
DA:717,2
DA:728,1
DA:731,1
DA:732,1
DA:733,1
DA:735,2
DA:737,0
DA:741,1
DA:742,1
DA:744,2
DA:746,0
DA:750,1
DA:751,1
DA:753,2
DA:755,0
DA:770,1
DA:775,1
DA:777,1
DA:778,1
DA:780,1
DA:781,1
DA:784,1
DA:786,1
DA:811,1
DA:814,1
DA:815,1
DA:816,1
DA:818,2
DA:820,0
DA:824,1
DA:825,1
DA:827,2
DA:829,0
DA:845,1
DA:851,1
DA:853,1
DA:854,1
DA:856,1
DA:857,1
DA:860,1
DA:863,1
DA:864,1
DA:865,1
DA:867,1
DA:868,1
DA:880,3
DA:893,1
DA:900,1
DA:902,1
DA:903,1
DA:904,1
DA:905,1
DA:906,1
DA:907,1
DA:910,1
DA:911,1
DA:916,1
DA:917,1
DA:918,1
DA:919,1
DA:922,1
DA:923,1
DA:940,1
DA:942,1
DA:944,1
DA:947,1
DA:948,1
DA:949,1
DA:950,1
DA:953,1
DA:954,1
DA:959,1
DA:960,1
DA:961,1
DA:962,1
DA:966,1
DA:980,1
DA:982,1
DA:984,1
DA:985,1
DA:987,1
DA:988,1
DA:991,1
DA:993,1
DA:1016,1
DA:1018,1
DA:1019,0
DA:1020,0
DA:1022,0
DA:1042,0
DA:1043,0
DA:1044,0
DA:1054,0
DA:1055,0
DA:1070,0
DA:1071,0
DA:1084,1
DA:1088,1
DA:1089,1
LF:342
LH:230
end_of_record
SF:lib/medications/medication_details_page.dart
DA:15,0
DA:25,0
DA:26,0
DA:28,0
DA:33,0
DA:36,0
DA:39,0
DA:45,0
DA:49,1
DA:51,1
DA:53,1
DA:55,1
DA:57,1
DA:59,1
DA:61,1
DA:63,1
DA:64,1
DA:66,1
DA:72,0
DA:73,0
DA:104,1
DA:105,1
DA:106,1
DA:107,1
DA:108,1
DA:110,1
DA:125,1
DA:127,0
DA:140,1
DA:148,1
DA:150,1
DA:151,1
DA:153,1
DA:154,1
DA:157,1
DA:159,1
DA:161,1
DA:162,1
DA:182,1
DA:184,1
DA:185,1
DA:186,1
DA:197,1
DA:198,1
DA:212,1
DA:213,1
DA:215,1
DA:218,1
DA:220,1
DA:227,1
DA:228,1
DA:230,1
DA:243,1
DA:244,1
DA:262,1
DA:263,1
DA:265,1
DA:268,1
DA:270,1
DA:283,1
DA:284,1
DA:299,1
DA:300,1
DA:302,1
DA:303,1
DA:306,1
DA:308,1
DA:321,1
DA:322,1
DA:342,2
DA:344,1
DA:346,1
DA:347,1
DA:349,1
DA:350,1
DA:353,1
DA:355,1
DA:368,1
DA:369,1
DA:371,1
DA:374,1
DA:375,0
DA:378,1
DA:380,1
DA:381,1
DA:385,1
DA:386,1
DA:388,1
DA:425,1
DA:428,1
DA:429,0
DA:432,1
DA:434,1
DA:435,1
DA:439,1
DA:440,1
DA:469,1
DA:472,1
DA:473,0
DA:476,1
DA:478,1
DA:479,1
DA:483,1
DA:484,1
DA:513,1
DA:514,1
DA:515,1
DA:518,1
DA:519,0
DA:522,1
DA:524,1
DA:525,1
DA:529,1
DA:530,1
DA:586,2
DA:588,1
DA:590,1
DA:591,1
DA:593,1
DA:594,1
DA:597,1
DA:599,1
DA:612,1
DA:613,1
DA:615,1
DA:625,1
DA:635,1
DA:661,1
DA:671,1
DA:673,1
DA:674,1
DA:675,1
DA:676,1
DA:677,2
DA:679,1
DA:682,1
DA:684,1
DA:685,3
DA:687,1
DA:688,1
DA:690,1
DA:691,1
DA:692,1
DA:703,1
DA:704,1
DA:705,1
DA:709,1
DA:710,1
LF:148
LH:133
end_of_record
SF:lib/medications/medication_list_item.dart
DA:20,3
DA:32,3
DA:34,6
DA:35,6
DA:37,3
DA:38,3
DA:39,3
DA:40,3
DA:42,3
DA:48,3
DA:51,3
DA:53,3
DA:55,3
DA:57,3
DA:59,3
DA:63,3
DA:65,3
DA:75,3
DA:76,3
DA:78,3
DA:80,3
DA:82,3
DA:84,3
DA:85,3
DA:99,3
DA:101,3
DA:103,3
DA:104,3
DA:116,6
DA:118,3
DA:119,9
DA:120,3
DA:122,3
DA:123,3
DA:136,3
DA:138,3
DA:146,6
DA:147,6
DA:148,3
DA:149,6
DA:150,3
DA:157,3
DA:158,3
DA:159,3
DA:160,3
DA:161,3
DA:162,3
DA:169,3
DA:170,3
DA:172,3
DA:174,3
DA:175,3
DA:190,3
DA:191,3
DA:192,3
DA:199,3
DA:200,3
DA:202,3
DA:204,3
DA:205,3
DA:220,3
DA:225,3
DA:226,3
DA:229,3
DA:230,3
DA:231,3
DA:233,3
DA:234,3
DA:238,3
DA:239,3
DA:241,3
DA:278,3
DA:279,3
DA:280,3
DA:282,3
DA:285,3
DA:286,3
DA:293,3
DA:294,3
DA:296,3
DA:298,3
DA:299,3
LF:82
LH:82
end_of_record
SF:lib/tasks/task_details_page.dart
DA:14,0
DA:23,0
DA:24,0
DA:26,0
DA:31,0
DA:34,0
DA:37,0
DA:43,0
DA:47,1
DA:49,1
DA:51,1
DA:53,1
DA:55,1
DA:57,1
DA:59,1
DA:61,1
DA:62,1
DA:64,1
DA:70,0
DA:71,0
DA:103,1
DA:104,1
DA:105,1
DA:107,1
DA:108,1
DA:126,1
DA:128,0
DA:140,1
DA:147,1
DA:149,1
DA:150,1
DA:152,1
DA:156,1
DA:159,1
DA:161,1
DA:163,1
DA:164,1
DA:188,1
DA:189,1
DA:201,1
DA:202,1
DA:204,1
DA:207,1
DA:209,1
DA:210,1
DA:211,1
DA:213,1
DA:226,1
DA:227,1
DA:245,1
DA:246,1
DA:248,1
DA:251,1
DA:253,1
DA:260,1
DA:261,1
DA:263,1
DA:276,1
DA:277,1
DA:295,1
DA:296,1
DA:298,1
DA:302,1
DA:305,1
DA:307,1
DA:308,1
DA:309,1
DA:311,1
DA:324,1
DA:325,1
DA:348,2
DA:350,1
DA:352,1
DA:353,1
DA:355,1
DA:359,1
DA:362,1
DA:364,1
DA:378,1
DA:381,1
DA:382,0
DA:385,1
DA:387,1
DA:388,1
DA:392,1
DA:393,1
DA:395,1
DA:398,1
DA:399,1
DA:433,2
DA:435,1
DA:437,1
DA:438,1
DA:440,1
DA:444,1
DA:447,1
DA:449,1
DA:462,1
DA:463,1
DA:465,1
DA:468,1
DA:469,0
DA:472,1
DA:474,1
DA:475,1
DA:479,1
DA:480,1
DA:509,1
DA:510,1
DA:511,1
DA:514,1
DA:515,0
DA:518,1
DA:520,1
DA:521,1
DA:525,1
DA:526,1
DA:582,2
DA:584,1
DA:586,1
DA:587,1
DA:589,1
DA:593,1
DA:596,1
DA:598,1
DA:611,1
DA:612,1
DA:614,1
DA:624,1
DA:636,1
DA:662,1
DA:673,1
DA:675,1
DA:676,1
DA:677,1
DA:678,1
DA:681,1
DA:683,1
DA:684,1
DA:685,1
DA:686,1
DA:690,1
DA:691,1
DA:693,1
DA:694,1
DA:695,1
DA:696,1
DA:698,1
DA:699,1
DA:711,2
DA:713,1
DA:716,1
DA:717,1
DA:718,1
DA:722,1
DA:723,1
DA:727,2
DA:729,1
DA:730,1
DA:731,1
DA:735,1
DA:736,1
LF:162
LH:148
end_of_record
SF:lib/tasks/task_list_item.dart
DA:20,3
DA:33,3
DA:35,6
DA:37,3
DA:38,3
DA:39,3
DA:40,3
DA:42,3
DA:48,3
DA:51,3
DA:53,3
DA:55,3
DA:57,3
DA:59,3
DA:63,3
DA:64,6
DA:67,3
DA:69,3
DA:70,6
DA:72,6
DA:81,3
DA:82,3
DA:84,3
DA:86,3
DA:88,3
DA:90,3
DA:91,3
DA:103,6
DA:105,3
DA:107,3
DA:109,3
DA:110,3
DA:123,6
DA:125,3
DA:127,3
DA:129,3
DA:130,3
DA:143,6
DA:145,3
DA:147,3
DA:149,3
DA:150,3
DA:163,6
DA:165,3
DA:166,3
DA:173,3
DA:174,3
DA:176,3
DA:178,3
DA:179,3
DA:200,6
DA:203,3
DA:206,3
DA:207,3
DA:208,3
DA:210,3
DA:211,3
DA:215,3
DA:216,3
DA:218,3
DA:221,3
DA:222,3
LF:62
LH:62
end_of_record
